2022-07-28 10:54:20,176 INFO org.springframework.boot.StartupInfoLogger [restartedMain] Starting VidiyalSpringApplication using Java 18.0.1.1 on DESKTOP-DG5D4SP with PID 6012 (D:\My workspace\Angular project\Vidiyal\Backend\target\classes started by 91956 in D:\My workspace\Angular project\Vidiyal\Backend)
2022-07-28 10:54:20,188 DEBUG org.springframework.boot.StartupInfoLogger [restartedMain] Running with Spring Boot v2.5.2, Spring v5.3.8
2022-07-28 10:54:20,189 INFO org.springframework.boot.SpringApplication [restartedMain] No active profile set, falling back to default profiles: default
2022-07-28 10:55:13,992 DEBUG org.springframework.web.filter.GenericFilterBean [restartedMain] Filter 'requestLoggingFilter' configured for use
2022-07-28 10:55:14,018 DEBUG org.springframework.web.filter.GenericFilterBean [restartedMain] Filter 'jwtRequestFilter' configured for use
2022-07-28 10:55:18,593 INFO org.springframework.boot.StartupInfoLogger [restartedMain] Started VidiyalSpringApplication in 68.378 seconds (JVM running for 134.936)
2022-07-28 10:55:30,878 DEBUG org.springframework.web.filter.CommonsRequestLoggingFilter [http-nio-10030-exec-1] Before request [GET /, client=0:0:0:0:0:0:0:1]
2022-07-28 10:55:31,199 DEBUG org.springframework.web.filter.CommonsRequestLoggingFilter [http-nio-10030-exec-1] After request [GET /, client=0:0:0:0:0:0:0:1]
2022-07-28 10:55:31,384 DEBUG org.springframework.web.filter.CommonsRequestLoggingFilter [http-nio-10030-exec-2] Before request [GET /favicon.ico, client=0:0:0:0:0:0:0:1]
2022-07-28 10:55:31,471 DEBUG org.springframework.web.filter.CommonsRequestLoggingFilter [http-nio-10030-exec-2] After request [GET /favicon.ico, client=0:0:0:0:0:0:0:1]
2022-07-28 10:59:19,413 INFO org.springframework.boot.StartupInfoLogger [restartedMain] Starting VidiyalSpringApplication using Java 18.0.1.1 on DESKTOP-DG5D4SP with PID 6480 (D:\My workspace\Angular project\Vidiyal\Backend\target\classes started by 91956 in D:\My workspace\Angular project\Vidiyal\Backend)
2022-07-28 10:59:19,419 DEBUG org.springframework.boot.StartupInfoLogger [restartedMain] Running with Spring Boot v2.5.2, Spring v5.3.8
2022-07-28 10:59:19,420 INFO org.springframework.boot.SpringApplication [restartedMain] No active profile set, falling back to default profiles: default
2022-07-28 10:59:49,842 DEBUG org.springframework.web.filter.GenericFilterBean [restartedMain] Filter 'requestLoggingFilter' configured for use
2022-07-28 10:59:49,843 DEBUG org.springframework.web.filter.GenericFilterBean [restartedMain] Filter 'jwtRequestFilter' configured for use
2022-07-28 10:59:52,942 INFO org.springframework.boot.StartupInfoLogger [restartedMain] Started VidiyalSpringApplication in 38.993 seconds (JVM running for 50.314)
2022-07-28 11:00:03,738 DEBUG org.springframework.web.filter.CommonsRequestLoggingFilter [http-nio-10030-exec-1] Before request [GET /, client=0:0:0:0:0:0:0:1]
2022-07-28 11:00:03,837 DEBUG org.springframework.web.filter.CommonsRequestLoggingFilter [http-nio-10030-exec-1] After request [GET /, client=0:0:0:0:0:0:0:1]
2022-07-28 11:00:06,629 DEBUG org.springframework.web.filter.CommonsRequestLoggingFilter [http-nio-10030-exec-4] Before request [GET /favicon.ico, client=0:0:0:0:0:0:0:1]
2022-07-28 11:00:06,692 DEBUG org.springframework.web.filter.CommonsRequestLoggingFilter [http-nio-10030-exec-4] After request [GET /favicon.ico, client=0:0:0:0:0:0:0:1]
2022-07-28 11:02:16,831 INFO org.springframework.boot.StartupInfoLogger [restartedMain] Starting VidiyalSpringApplication using Java 18.0.1.1 on DESKTOP-DG5D4SP with PID 8552 (D:\My workspace\Angular project\Vidiyal\Backend\target\classes started by 91956 in D:\My workspace\Angular project\Vidiyal\Backend)
2022-07-28 11:02:16,837 DEBUG org.springframework.boot.StartupInfoLogger [restartedMain] Running with Spring Boot v2.5.2, Spring v5.3.8
2022-07-28 11:02:16,838 INFO org.springframework.boot.SpringApplication [restartedMain] No active profile set, falling back to default profiles: default
2022-07-28 11:02:35,378 DEBUG org.springframework.web.filter.GenericFilterBean [restartedMain] Filter 'requestLoggingFilter' configured for use
2022-07-28 11:02:35,380 DEBUG org.springframework.web.filter.GenericFilterBean [restartedMain] Filter 'jwtRequestFilter' configured for use
2022-07-28 11:02:38,724 INFO org.springframework.boot.StartupInfoLogger [restartedMain] Started VidiyalSpringApplication in 23.761 seconds (JVM running for 28.478)
2022-07-28 11:02:44,839 DEBUG org.springframework.web.filter.CommonsRequestLoggingFilter [http-nio-10030-exec-1] Before request [GET /, client=0:0:0:0:0:0:0:1]
2022-07-28 11:02:44,900 DEBUG org.springframework.web.filter.CommonsRequestLoggingFilter [http-nio-10030-exec-1] After request [GET /, client=0:0:0:0:0:0:0:1]
2022-07-28 11:02:44,958 DEBUG org.springframework.web.filter.CommonsRequestLoggingFilter [http-nio-10030-exec-2] Before request [GET /favicon.ico, client=0:0:0:0:0:0:0:1]
2022-07-28 11:02:45,009 DEBUG org.springframework.web.filter.CommonsRequestLoggingFilter [http-nio-10030-exec-2] After request [GET /favicon.ico, client=0:0:0:0:0:0:0:1]
2022-07-28 11:03:45,601 INFO org.springframework.boot.StartupInfoLogger [restartedMain] Starting VidiyalSpringApplication using Java 18.0.1.1 on DESKTOP-DG5D4SP with PID 14920 (D:\My workspace\Angular project\Vidiyal\Backend\target\classes started by 91956 in D:\My workspace\Angular project\Vidiyal\Backend)
2022-07-28 11:03:45,607 DEBUG org.springframework.boot.StartupInfoLogger [restartedMain] Running with Spring Boot v2.5.2, Spring v5.3.8
2022-07-28 11:03:45,608 INFO org.springframework.boot.SpringApplication [restartedMain] No active profile set, falling back to default profiles: default
2022-07-28 11:04:37,011 DEBUG org.springframework.web.filter.GenericFilterBean [restartedMain] Filter 'requestLoggingFilter' configured for use
2022-07-28 11:04:37,012 DEBUG org.springframework.web.filter.GenericFilterBean [restartedMain] Filter 'jwtRequestFilter' configured for use
2022-07-28 11:04:43,996 INFO org.springframework.boot.StartupInfoLogger [restartedMain] Started VidiyalSpringApplication in 59.726 seconds (JVM running for 61.915)
2022-07-28 11:05:18,018 DEBUG org.springframework.web.filter.CommonsRequestLoggingFilter [http-nio-10030-exec-2] Before request [GET /, client=0:0:0:0:0:0:0:1]
2022-07-28 11:05:18,172 DEBUG org.springframework.web.filter.CommonsRequestLoggingFilter [http-nio-10030-exec-2] After request [GET /, client=0:0:0:0:0:0:0:1]
2022-07-28 11:05:18,206 DEBUG org.springframework.web.filter.CommonsRequestLoggingFilter [http-nio-10030-exec-1] Before request [GET /favicon.ico, client=0:0:0:0:0:0:0:1]
2022-07-28 11:05:18,271 DEBUG org.springframework.web.filter.CommonsRequestLoggingFilter [http-nio-10030-exec-1] After request [GET /favicon.ico, client=0:0:0:0:0:0:0:1]
2022-07-28 11:05:36,890 DEBUG org.springframework.web.filter.CommonsRequestLoggingFilter [http-nio-10030-exec-3] Before request [GET /, client=0:0:0:0:0:0:0:1]
2022-07-28 11:05:36,926 DEBUG org.springframework.web.filter.CommonsRequestLoggingFilter [http-nio-10030-exec-3] After request [GET /, client=0:0:0:0:0:0:0:1]
2022-07-28 11:05:36,965 DEBUG org.springframework.web.filter.CommonsRequestLoggingFilter [http-nio-10030-exec-4] Before request [GET /favicon.ico, client=0:0:0:0:0:0:0:1]
2022-07-28 11:05:36,975 DEBUG org.springframework.web.filter.CommonsRequestLoggingFilter [http-nio-10030-exec-4] After request [GET /favicon.ico, client=0:0:0:0:0:0:0:1]
2022-07-28 11:05:37,616 DEBUG org.springframework.web.filter.CommonsRequestLoggingFilter [http-nio-10030-exec-5] Before request [GET /, client=0:0:0:0:0:0:0:1]
2022-07-28 11:05:37,631 DEBUG org.springframework.web.filter.CommonsRequestLoggingFilter [http-nio-10030-exec-5] After request [GET /, client=0:0:0:0:0:0:0:1]
2022-07-28 11:05:37,671 DEBUG org.springframework.web.filter.CommonsRequestLoggingFilter [http-nio-10030-exec-6] Before request [GET /favicon.ico, client=0:0:0:0:0:0:0:1]
2022-07-28 11:05:37,683 DEBUG org.springframework.web.filter.CommonsRequestLoggingFilter [http-nio-10030-exec-6] After request [GET /favicon.ico, client=0:0:0:0:0:0:0:1]
2022-07-28 11:05:38,082 DEBUG org.springframework.web.filter.CommonsRequestLoggingFilter [http-nio-10030-exec-7] Before request [GET /, client=0:0:0:0:0:0:0:1]
2022-07-28 11:05:38,097 DEBUG org.springframework.web.filter.CommonsRequestLoggingFilter [http-nio-10030-exec-7] After request [GET /, client=0:0:0:0:0:0:0:1]
2022-07-28 11:05:38,140 DEBUG org.springframework.web.filter.CommonsRequestLoggingFilter [http-nio-10030-exec-8] Before request [GET /favicon.ico, client=0:0:0:0:0:0:0:1]
2022-07-28 11:05:38,157 DEBUG org.springframework.web.filter.CommonsRequestLoggingFilter [http-nio-10030-exec-8] After request [GET /favicon.ico, client=0:0:0:0:0:0:0:1]
2022-07-28 11:05:38,326 DEBUG org.springframework.web.filter.CommonsRequestLoggingFilter [http-nio-10030-exec-9] Before request [GET /, client=0:0:0:0:0:0:0:1]
2022-07-28 11:05:38,348 DEBUG org.springframework.web.filter.CommonsRequestLoggingFilter [http-nio-10030-exec-9] After request [GET /, client=0:0:0:0:0:0:0:1]
2022-07-28 11:05:38,394 DEBUG org.springframework.web.filter.CommonsRequestLoggingFilter [http-nio-10030-exec-10] Before request [GET /favicon.ico, client=0:0:0:0:0:0:0:1]
2022-07-28 11:05:38,407 DEBUG org.springframework.web.filter.CommonsRequestLoggingFilter [http-nio-10030-exec-10] After request [GET /favicon.ico, client=0:0:0:0:0:0:0:1]
2022-07-28 11:05:38,535 DEBUG org.springframework.web.filter.CommonsRequestLoggingFilter [http-nio-10030-exec-2] Before request [GET /, client=0:0:0:0:0:0:0:1]
2022-07-28 11:05:38,546 DEBUG org.springframework.web.filter.CommonsRequestLoggingFilter [http-nio-10030-exec-2] After request [GET /, client=0:0:0:0:0:0:0:1]
2022-07-28 11:05:38,602 DEBUG org.springframework.web.filter.CommonsRequestLoggingFilter [http-nio-10030-exec-1] Before request [GET /favicon.ico, client=0:0:0:0:0:0:0:1]
2022-07-28 11:05:38,609 DEBUG org.springframework.web.filter.CommonsRequestLoggingFilter [http-nio-10030-exec-1] After request [GET /favicon.ico, client=0:0:0:0:0:0:0:1]
2022-07-28 11:06:11,387 INFO org.springframework.boot.StartupInfoLogger [restartedMain] Starting VidiyalSpringApplication using Java 18.0.1.1 on DESKTOP-DG5D4SP with PID 15596 (D:\My workspace\Angular project\Vidiyal\Backend\target\classes started by 91956 in D:\My workspace\Angular project\Vidiyal\Backend)
2022-07-28 11:06:11,419 DEBUG org.springframework.boot.StartupInfoLogger [restartedMain] Running with Spring Boot v2.5.2, Spring v5.3.8
2022-07-28 11:06:11,420 INFO org.springframework.boot.SpringApplication [restartedMain] No active profile set, falling back to default profiles: default
2022-07-28 11:06:37,382 DEBUG org.springframework.web.filter.GenericFilterBean [restartedMain] Filter 'requestLoggingFilter' configured for use
2022-07-28 11:06:37,388 DEBUG org.springframework.web.filter.GenericFilterBean [restartedMain] Filter 'jwtRequestFilter' configured for use
2022-07-28 11:06:41,015 INFO org.springframework.boot.StartupInfoLogger [restartedMain] Started VidiyalSpringApplication in 32.979 seconds (JVM running for 39.164)
2022-07-28 11:07:12,056 DEBUG org.springframework.web.filter.CommonsRequestLoggingFilter [http-nio-10030-exec-1] Before request [GET /, client=0:0:0:0:0:0:0:1]
2022-07-28 11:07:12,113 DEBUG org.springframework.web.filter.CommonsRequestLoggingFilter [http-nio-10030-exec-1] After request [GET /, client=0:0:0:0:0:0:0:1]
2022-07-28 11:07:12,155 DEBUG org.springframework.web.filter.CommonsRequestLoggingFilter [http-nio-10030-exec-2] Before request [GET /favicon.ico, client=0:0:0:0:0:0:0:1]
2022-07-28 11:07:12,191 DEBUG org.springframework.web.filter.CommonsRequestLoggingFilter [http-nio-10030-exec-2] After request [GET /favicon.ico, client=0:0:0:0:0:0:0:1]
2022-07-28 11:07:12,912 DEBUG org.springframework.web.filter.CommonsRequestLoggingFilter [http-nio-10030-exec-3] Before request [GET /, client=0:0:0:0:0:0:0:1]
2022-07-28 11:07:12,926 DEBUG org.springframework.web.filter.CommonsRequestLoggingFilter [http-nio-10030-exec-3] After request [GET /, client=0:0:0:0:0:0:0:1]
2022-07-28 11:07:12,963 DEBUG org.springframework.web.filter.CommonsRequestLoggingFilter [http-nio-10030-exec-4] Before request [GET /favicon.ico, client=0:0:0:0:0:0:0:1]
2022-07-28 11:07:12,975 DEBUG org.springframework.web.filter.CommonsRequestLoggingFilter [http-nio-10030-exec-4] After request [GET /favicon.ico, client=0:0:0:0:0:0:0:1]
2022-07-28 11:07:13,539 DEBUG org.springframework.web.filter.CommonsRequestLoggingFilter [http-nio-10030-exec-5] Before request [GET /, client=0:0:0:0:0:0:0:1]
2022-07-28 11:07:13,547 DEBUG org.springframework.web.filter.CommonsRequestLoggingFilter [http-nio-10030-exec-5] After request [GET /, client=0:0:0:0:0:0:0:1]
2022-07-28 11:07:13,592 DEBUG org.springframework.web.filter.CommonsRequestLoggingFilter [http-nio-10030-exec-6] Before request [GET /favicon.ico, client=0:0:0:0:0:0:0:1]
2022-07-28 11:07:13,599 DEBUG org.springframework.web.filter.CommonsRequestLoggingFilter [http-nio-10030-exec-6] After request [GET /favicon.ico, client=0:0:0:0:0:0:0:1]
2022-07-28 11:07:41,162 DEBUG org.springframework.web.filter.CommonsRequestLoggingFilter [http-nio-10030-exec-7] Before request [GET /, client=0:0:0:0:0:0:0:1]
2022-07-28 11:07:41,172 DEBUG org.springframework.web.filter.CommonsRequestLoggingFilter [http-nio-10030-exec-7] After request [GET /, client=0:0:0:0:0:0:0:1]
2022-07-28 11:07:41,205 DEBUG org.springframework.web.filter.CommonsRequestLoggingFilter [http-nio-10030-exec-8] Before request [GET /favicon.ico, client=0:0:0:0:0:0:0:1]
2022-07-28 11:07:41,216 DEBUG org.springframework.web.filter.CommonsRequestLoggingFilter [http-nio-10030-exec-8] After request [GET /favicon.ico, client=0:0:0:0:0:0:0:1]
2022-07-28 11:07:41,777 DEBUG org.springframework.web.filter.CommonsRequestLoggingFilter [http-nio-10030-exec-9] Before request [GET /, client=0:0:0:0:0:0:0:1]
2022-07-28 11:07:41,789 DEBUG org.springframework.web.filter.CommonsRequestLoggingFilter [http-nio-10030-exec-9] After request [GET /, client=0:0:0:0:0:0:0:1]
2022-07-28 11:07:41,824 DEBUG org.springframework.web.filter.CommonsRequestLoggingFilter [http-nio-10030-exec-10] Before request [GET /favicon.ico, client=0:0:0:0:0:0:0:1]
2022-07-28 11:07:41,829 DEBUG org.springframework.web.filter.CommonsRequestLoggingFilter [http-nio-10030-exec-10] After request [GET /favicon.ico, client=0:0:0:0:0:0:0:1]
2022-07-28 11:07:42,002 DEBUG org.springframework.web.filter.CommonsRequestLoggingFilter [http-nio-10030-exec-1] Before request [GET /, client=0:0:0:0:0:0:0:1]
2022-07-28 11:07:42,012 DEBUG org.springframework.web.filter.CommonsRequestLoggingFilter [http-nio-10030-exec-1] After request [GET /, client=0:0:0:0:0:0:0:1]
2022-07-28 11:07:42,047 DEBUG org.springframework.web.filter.CommonsRequestLoggingFilter [http-nio-10030-exec-2] Before request [GET /favicon.ico, client=0:0:0:0:0:0:0:1]
2022-07-28 11:07:42,053 DEBUG org.springframework.web.filter.CommonsRequestLoggingFilter [http-nio-10030-exec-2] After request [GET /favicon.ico, client=0:0:0:0:0:0:0:1]
2022-07-28 11:07:42,197 DEBUG org.springframework.web.filter.CommonsRequestLoggingFilter [http-nio-10030-exec-3] Before request [GET /, client=0:0:0:0:0:0:0:1]
2022-07-28 11:07:42,208 DEBUG org.springframework.web.filter.CommonsRequestLoggingFilter [http-nio-10030-exec-3] After request [GET /, client=0:0:0:0:0:0:0:1]
2022-07-28 11:07:42,252 DEBUG org.springframework.web.filter.CommonsRequestLoggingFilter [http-nio-10030-exec-4] Before request [GET /favicon.ico, client=0:0:0:0:0:0:0:1]
2022-07-28 11:07:42,262 DEBUG org.springframework.web.filter.CommonsRequestLoggingFilter [http-nio-10030-exec-4] After request [GET /favicon.ico, client=0:0:0:0:0:0:0:1]
2022-07-28 11:07:42,408 DEBUG org.springframework.web.filter.CommonsRequestLoggingFilter [http-nio-10030-exec-5] Before request [GET /, client=0:0:0:0:0:0:0:1]
2022-07-28 11:07:42,419 DEBUG org.springframework.web.filter.CommonsRequestLoggingFilter [http-nio-10030-exec-5] After request [GET /, client=0:0:0:0:0:0:0:1]
2022-07-28 11:07:42,463 DEBUG org.springframework.web.filter.CommonsRequestLoggingFilter [http-nio-10030-exec-6] Before request [GET /favicon.ico, client=0:0:0:0:0:0:0:1]
2022-07-28 11:07:42,470 DEBUG org.springframework.web.filter.CommonsRequestLoggingFilter [http-nio-10030-exec-6] After request [GET /favicon.ico, client=0:0:0:0:0:0:0:1]
2022-07-28 11:07:42,624 DEBUG org.springframework.web.filter.CommonsRequestLoggingFilter [http-nio-10030-exec-7] Before request [GET /, client=0:0:0:0:0:0:0:1]
2022-07-28 11:07:42,631 DEBUG org.springframework.web.filter.CommonsRequestLoggingFilter [http-nio-10030-exec-7] After request [GET /, client=0:0:0:0:0:0:0:1]
2022-07-28 11:07:42,671 DEBUG org.springframework.web.filter.CommonsRequestLoggingFilter [http-nio-10030-exec-8] Before request [GET /favicon.ico, client=0:0:0:0:0:0:0:1]
2022-07-28 11:07:42,678 DEBUG org.springframework.web.filter.CommonsRequestLoggingFilter [http-nio-10030-exec-8] After request [GET /favicon.ico, client=0:0:0:0:0:0:0:1]
2022-07-28 11:08:58,352 INFO org.springframework.boot.StartupInfoLogger [restartedMain] Starting VidiyalSpringApplication using Java 18.0.1.1 on DESKTOP-DG5D4SP with PID 7400 (D:\My workspace\Angular project\Vidiyal\Backend\target\classes started by 91956 in D:\My workspace\Angular project\Vidiyal\Backend)
2022-07-28 11:08:58,360 DEBUG org.springframework.boot.StartupInfoLogger [restartedMain] Running with Spring Boot v2.5.2, Spring v5.3.8
2022-07-28 11:08:58,361 INFO org.springframework.boot.SpringApplication [restartedMain] No active profile set, falling back to default profiles: default
2022-07-28 11:09:18,714 DEBUG org.springframework.web.filter.GenericFilterBean [restartedMain] Filter 'requestLoggingFilter' configured for use
2022-07-28 11:09:18,716 DEBUG org.springframework.web.filter.GenericFilterBean [restartedMain] Filter 'jwtRequestFilter' configured for use
2022-07-28 11:09:24,647 INFO org.springframework.boot.StartupInfoLogger [restartedMain] Started VidiyalSpringApplication in 27.724 seconds (JVM running for 29.729)
2022-07-28 11:09:32,826 DEBUG org.springframework.web.filter.CommonsRequestLoggingFilter [http-nio-10030-exec-1] Before request [GET /, client=0:0:0:0:0:0:0:1]
2022-07-28 11:09:32,880 DEBUG org.springframework.web.filter.CommonsRequestLoggingFilter [http-nio-10030-exec-1] After request [GET /, client=0:0:0:0:0:0:0:1]
2022-07-28 11:09:32,933 DEBUG org.springframework.web.filter.CommonsRequestLoggingFilter [http-nio-10030-exec-2] Before request [GET /favicon.ico, client=0:0:0:0:0:0:0:1]
2022-07-28 11:09:32,944 DEBUG org.springframework.web.filter.CommonsRequestLoggingFilter [http-nio-10030-exec-2] After request [GET /favicon.ico, client=0:0:0:0:0:0:0:1]
2022-07-28 11:26:14,558 INFO org.springframework.boot.StartupInfoLogger [restartedMain] Starting VidiyalSpringApplication using Java 18.0.1.1 on DESKTOP-DG5D4SP with PID 7676 (D:\My workspace\Angular project\Vidiyal\Backend\target\classes started by 91956 in D:\My workspace\Angular project\Vidiyal\Backend)
2022-07-28 11:26:14,563 DEBUG org.springframework.boot.StartupInfoLogger [restartedMain] Running with Spring Boot v2.5.2, Spring v5.3.8
2022-07-28 11:26:14,564 INFO org.springframework.boot.SpringApplication [restartedMain] No active profile set, falling back to default profiles: default
2022-07-28 11:26:31,411 DEBUG org.springframework.web.filter.GenericFilterBean [restartedMain] Filter 'requestLoggingFilter' configured for use
2022-07-28 11:26:31,412 DEBUG org.springframework.web.filter.GenericFilterBean [restartedMain] Filter 'jwtRequestFilter' configured for use
2022-07-28 11:26:34,011 INFO org.springframework.boot.StartupInfoLogger [restartedMain] Started VidiyalSpringApplication in 20.838 seconds (JVM running for 28.67)
2022-07-28 11:28:04,299 INFO org.springframework.boot.StartupInfoLogger [restartedMain] Starting VidiyalSpringApplication using Java 18.0.1.1 on DESKTOP-DG5D4SP with PID 12384 (D:\My workspace\Angular project\Vidiyal\Backend\target\classes started by 91956 in D:\My workspace\Angular project\Vidiyal\Backend)
2022-07-28 11:28:04,306 DEBUG org.springframework.boot.StartupInfoLogger [restartedMain] Running with Spring Boot v2.5.2, Spring v5.3.8
2022-07-28 11:28:04,307 INFO org.springframework.boot.SpringApplication [restartedMain] No active profile set, falling back to default profiles: default
2022-07-28 11:28:17,611 DEBUG org.springframework.web.filter.GenericFilterBean [restartedMain] Filter 'requestLoggingFilter' configured for use
2022-07-28 11:28:17,612 DEBUG org.springframework.web.filter.GenericFilterBean [restartedMain] Filter 'jwtRequestFilter' configured for use
2022-07-28 11:28:19,987 INFO org.springframework.boot.StartupInfoLogger [restartedMain] Started VidiyalSpringApplication in 16.672 seconds (JVM running for 18.438)
2022-07-28 12:41:55,009 INFO org.springframework.boot.StartupInfoLogger [restartedMain] Starting MahallaSpringApplication using Java 18.0.1.1 on DESKTOP-DG5D4SP with PID 16612 (D:\My workspace\Angular project\Mahalla\Backend\target\classes started by 91956 in D:\My workspace\Angular project\Mahalla\Backend)
2022-07-28 12:41:55,020 DEBUG org.springframework.boot.StartupInfoLogger [restartedMain] Running with Spring Boot v2.5.2, Spring v5.3.8
2022-07-28 12:41:55,021 INFO org.springframework.boot.SpringApplication [restartedMain] No active profile set, falling back to default profiles: default
2022-07-28 12:42:16,428 DEBUG org.springframework.web.filter.GenericFilterBean [restartedMain] Filter 'requestLoggingFilter' configured for use
2022-07-28 12:42:16,429 DEBUG org.springframework.web.filter.GenericFilterBean [restartedMain] Filter 'jwtRequestFilter' configured for use
2022-07-28 12:42:19,319 INFO org.springframework.boot.StartupInfoLogger [restartedMain] Started MahallaSpringApplication in 25.603 seconds (JVM running for 27.677)
2022-07-28 12:48:09,063 INFO org.springframework.boot.StartupInfoLogger [restartedMain] Starting MahallaSpringApplication using Java 18.0.1.1 on DESKTOP-DG5D4SP with PID 13164 (D:\My workspace\Angular project\Mahalla\Backend\target\classes started by 91956 in D:\My workspace\Angular project\Mahalla\Backend)
2022-07-28 12:48:09,068 DEBUG org.springframework.boot.StartupInfoLogger [restartedMain] Running with Spring Boot v2.5.2, Spring v5.3.8
2022-07-28 12:48:09,069 INFO org.springframework.boot.SpringApplication [restartedMain] No active profile set, falling back to default profiles: default
2022-07-28 12:48:24,281 DEBUG org.springframework.web.filter.GenericFilterBean [restartedMain] Filter 'requestLoggingFilter' configured for use
2022-07-28 12:48:24,282 DEBUG org.springframework.web.filter.GenericFilterBean [restartedMain] Filter 'jwtRequestFilter' configured for use
2022-07-28 12:48:27,058 ERROR org.springframework.boot.diagnostics.LoggingFailureAnalysisReporter [restartedMain] 

***************************
APPLICATION FAILED TO START
***************************

Description:

Web server failed to start. Port 10040 was already in use.

Action:

Identify and stop the process that's listening on port 10040 or configure this application to listen on another port.

