2022-08-03 13:32:13,133 INFO org.springframework.boot.StartupInfoLogger [restartedMain] Starting MahallaSpringApplication using Java 18.0.1.1 on DESKTOP-DG5D4SP with PID 14100 (D:\My workspace\Angular project\Mahalla\Backend\target\classes started by 91956 in D:\My workspace\Angular project\Mahalla\Backend)
2022-08-03 13:32:13,146 DEBUG org.springframework.boot.StartupInfoLogger [restartedMain] Running with Spring Boot v2.5.2, Spring v5.3.8
2022-08-03 13:32:13,147 INFO org.springframework.boot.SpringApplication [restartedMain] No active profile set, falling back to default profiles: default
2022-08-03 13:32:36,011 DEBUG org.springframework.web.filter.GenericFilterBean [restartedMain] Filter 'requestLoggingFilter' configured for use
2022-08-03 13:32:36,278 DEBUG org.springframework.web.filter.GenericFilterBean [restartedMain] Filter 'jwtRequestFilter' configured for use
2022-08-03 13:32:38,900 INFO org.springframework.boot.StartupInfoLogger [restartedMain] Started MahallaSpringApplication in 27.744 seconds (JVM running for 56.161)
2022-08-03 13:33:51,431 DEBUG org.springframework.web.filter.CommonsRequestLoggingFilter [http-nio-10040-exec-2] Before request [GET /api/v1/role-master-prm/read-only, client=0:0:0:0:0:0:0:1]
2022-08-03 13:33:52,959 DEBUG org.springframework.web.filter.CommonsRequestLoggingFilter [http-nio-10040-exec-2] After request [GET /api/v1/role-master-prm/read-only, client=0:0:0:0:0:0:0:1]
2022-08-03 13:34:02,693 DEBUG org.springframework.web.filter.CommonsRequestLoggingFilter [http-nio-10040-exec-5] Before request [GET /api/v1/role-master-prm/read-only, client=0:0:0:0:0:0:0:1]
2022-08-03 13:34:03,054 DEBUG org.springframework.web.filter.CommonsRequestLoggingFilter [http-nio-10040-exec-5] After request [GET /api/v1/role-master-prm/read-only, client=0:0:0:0:0:0:0:1]
2022-08-03 13:34:19,407 DEBUG org.springframework.web.filter.CommonsRequestLoggingFilter [http-nio-10040-exec-8] Before request [GET /api/v1/all-module/8, client=0:0:0:0:0:0:0:1]
2022-08-03 13:34:27,971 DEBUG org.springframework.web.filter.CommonsRequestLoggingFilter [http-nio-10040-exec-8] After request [GET /api/v1/all-module/8, client=0:0:0:0:0:0:0:1]
2022-08-03 13:34:28,406 DEBUG org.springframework.web.filter.CommonsRequestLoggingFilter [http-nio-10040-exec-10] Before request [GET /api/v1/family-head-details?start=1&limit=10&isPagination=true, client=0:0:0:0:0:0:0:1]
2022-08-03 13:34:29,221 DEBUG org.springframework.web.filter.CommonsRequestLoggingFilter [http-nio-10040-exec-10] After request [GET /api/v1/family-head-details?start=1&limit=10&isPagination=true, client=0:0:0:0:0:0:0:1]
2022-08-03 13:34:32,430 DEBUG org.springframework.web.filter.CommonsRequestLoggingFilter [http-nio-10040-exec-2] Before request [GET /api/v1/all-module/4, client=0:0:0:0:0:0:0:1]
2022-08-03 13:34:32,441 DEBUG org.springframework.web.filter.CommonsRequestLoggingFilter [http-nio-10040-exec-4] Before request [GET /api/v1/role-master-prm/read-only, client=0:0:0:0:0:0:0:1]
2022-08-03 13:34:32,808 DEBUG org.springframework.web.filter.CommonsRequestLoggingFilter [http-nio-10040-exec-4] After request [GET /api/v1/role-master-prm/read-only, client=0:0:0:0:0:0:0:1]
2022-08-03 13:34:33,594 DEBUG org.springframework.web.filter.CommonsRequestLoggingFilter [http-nio-10040-exec-2] After request [GET /api/v1/all-module/4, client=0:0:0:0:0:0:0:1]
2022-08-03 13:34:33,611 DEBUG org.springframework.web.filter.CommonsRequestLoggingFilter [http-nio-10040-exec-6] Before request [GET /api/v1/page-master/parent, client=0:0:0:0:0:0:0:1]
2022-08-03 13:34:33,699 DEBUG org.springframework.web.filter.CommonsRequestLoggingFilter [http-nio-10040-exec-8] Before request [GET /api/v1/page-master?isPagination=false, client=0:0:0:0:0:0:0:1]
2022-08-03 13:34:33,803 DEBUG org.springframework.web.filter.CommonsRequestLoggingFilter [http-nio-10040-exec-6] After request [GET /api/v1/page-master/parent, client=0:0:0:0:0:0:0:1]
2022-08-03 13:34:34,065 DEBUG org.springframework.web.filter.CommonsRequestLoggingFilter [http-nio-10040-exec-8] After request [GET /api/v1/page-master?isPagination=false, client=0:0:0:0:0:0:0:1]
2022-08-03 13:34:37,452 DEBUG org.springframework.web.filter.CommonsRequestLoggingFilter [http-nio-10040-exec-10] Before request [GET /api/v1/form-data/8, client=0:0:0:0:0:0:0:1]
2022-08-03 13:34:37,474 DEBUG org.springframework.web.filter.CommonsRequestLoggingFilter [http-nio-10040-exec-3] Before request [GET /api/v1/role-master-prm/read-only, client=0:0:0:0:0:0:0:1]
2022-08-03 13:34:37,822 DEBUG org.springframework.web.filter.CommonsRequestLoggingFilter [http-nio-10040-exec-10] After request [GET /api/v1/form-data/8, client=0:0:0:0:0:0:0:1]
2022-08-03 13:34:37,839 DEBUG org.springframework.web.filter.CommonsRequestLoggingFilter [http-nio-10040-exec-3] After request [GET /api/v1/role-master-prm/read-only, client=0:0:0:0:0:0:0:1]
2022-08-03 13:36:28,390 DEBUG org.springframework.web.filter.CommonsRequestLoggingFilter [http-nio-10040-exec-7] Before request [POST /api/v1/form-data, client=0:0:0:0:0:0:0:1]
2022-08-03 13:37:20,463 DEBUG org.springframework.web.filter.CommonsRequestLoggingFilter [http-nio-10040-exec-7] After request [POST /api/v1/form-data, client=0:0:0:0:0:0:0:1, payload=[{"header":"size","liNo":1,"pageMasterId":"8","val]
2022-08-03 13:37:21,059 DEBUG org.springframework.web.filter.CommonsRequestLoggingFilter [http-nio-10040-exec-8] Before request [GET /api/v1/all-module/4, client=0:0:0:0:0:0:0:1]
2022-08-03 13:37:21,073 DEBUG org.springframework.web.filter.CommonsRequestLoggingFilter [http-nio-10040-exec-1] Before request [GET /api/v1/role-master-prm/read-only, client=0:0:0:0:0:0:0:1]
2022-08-03 13:37:21,439 DEBUG org.springframework.web.filter.CommonsRequestLoggingFilter [http-nio-10040-exec-1] After request [GET /api/v1/role-master-prm/read-only, client=0:0:0:0:0:0:0:1]
2022-08-03 13:37:22,119 DEBUG org.springframework.web.filter.CommonsRequestLoggingFilter [http-nio-10040-exec-8] After request [GET /api/v1/all-module/4, client=0:0:0:0:0:0:0:1]
2022-08-03 13:37:22,143 DEBUG org.springframework.web.filter.CommonsRequestLoggingFilter [http-nio-10040-exec-3] Before request [GET /api/v1/page-master/parent, client=0:0:0:0:0:0:0:1]
2022-08-03 13:37:22,193 DEBUG org.springframework.web.filter.CommonsRequestLoggingFilter [http-nio-10040-exec-2] Before request [GET /api/v1/page-master?isPagination=false, client=0:0:0:0:0:0:0:1]
2022-08-03 13:37:22,335 DEBUG org.springframework.web.filter.CommonsRequestLoggingFilter [http-nio-10040-exec-3] After request [GET /api/v1/page-master/parent, client=0:0:0:0:0:0:0:1]
2022-08-03 13:37:22,570 DEBUG org.springframework.web.filter.CommonsRequestLoggingFilter [http-nio-10040-exec-2] After request [GET /api/v1/page-master?isPagination=false, client=0:0:0:0:0:0:0:1]
2022-08-03 13:38:33,643 DEBUG org.springframework.web.filter.CommonsRequestLoggingFilter [http-nio-10040-exec-1] Before request [GET /api/v1/table-main-schema/8, client=0:0:0:0:0:0:0:1]
2022-08-03 13:38:33,644 DEBUG org.springframework.web.filter.CommonsRequestLoggingFilter [http-nio-10040-exec-8] Before request [GET /api/v1/table-button-schema/8, client=0:0:0:0:0:0:0:1]
2022-08-03 13:38:33,710 DEBUG org.springframework.web.filter.CommonsRequestLoggingFilter [http-nio-10040-exec-4] Before request [GET /api/v1/role-master-prm/read-only, client=0:0:0:0:0:0:0:1]
2022-08-03 13:38:34,023 DEBUG org.springframework.web.filter.CommonsRequestLoggingFilter [http-nio-10040-exec-8] After request [GET /api/v1/table-button-schema/8, client=0:0:0:0:0:0:0:1]
2022-08-03 13:38:34,037 DEBUG org.springframework.web.filter.CommonsRequestLoggingFilter [http-nio-10040-exec-1] After request [GET /api/v1/table-main-schema/8, client=0:0:0:0:0:0:0:1]
2022-08-03 13:38:39,095 DEBUG org.springframework.web.filter.CommonsRequestLoggingFilter [http-nio-10040-exec-4] After request [GET /api/v1/role-master-prm/read-only, client=0:0:0:0:0:0:0:1]
2022-08-03 13:39:00,747 DEBUG org.springframework.web.filter.CommonsRequestLoggingFilter [http-nio-10040-exec-2] Before request [PUT /api/v1/table-main-schema, client=0:0:0:0:0:0:0:1]
2022-08-03 13:39:02,085 DEBUG org.springframework.web.filter.CommonsRequestLoggingFilter [http-nio-10040-exec-2] After request [PUT /api/v1/table-main-schema, client=0:0:0:0:0:0:0:1, payload={"id":15,"field":"aliasName","header":"Alias Name"]
2022-08-03 13:39:02,109 DEBUG org.springframework.web.filter.CommonsRequestLoggingFilter [http-nio-10040-exec-9] Before request [GET /api/v1/table-main-schema/8, client=0:0:0:0:0:0:0:1]
2022-08-03 13:39:02,110 DEBUG org.springframework.web.filter.CommonsRequestLoggingFilter [http-nio-10040-exec-6] Before request [GET /api/v1/table-button-schema/8, client=0:0:0:0:0:0:0:1]
2022-08-03 13:39:02,319 DEBUG org.springframework.web.filter.CommonsRequestLoggingFilter [http-nio-10040-exec-9] After request [GET /api/v1/table-main-schema/8, client=0:0:0:0:0:0:0:1]
2022-08-03 13:39:02,469 DEBUG org.springframework.web.filter.CommonsRequestLoggingFilter [http-nio-10040-exec-6] After request [GET /api/v1/table-button-schema/8, client=0:0:0:0:0:0:0:1]
2022-08-03 13:39:15,049 DEBUG org.springframework.web.filter.CommonsRequestLoggingFilter [http-nio-10040-exec-1] Before request [GET /api/v1/role-master-prm/read-only, client=0:0:0:0:0:0:0:1]
2022-08-03 13:39:15,079 DEBUG org.springframework.web.filter.CommonsRequestLoggingFilter [http-nio-10040-exec-4] Before request [GET /api/v1/all-module/9, client=0:0:0:0:0:0:0:1]
2022-08-03 13:39:15,419 DEBUG org.springframework.web.filter.CommonsRequestLoggingFilter [http-nio-10040-exec-1] After request [GET /api/v1/role-master-prm/read-only, client=0:0:0:0:0:0:0:1]
2022-08-03 13:39:16,176 DEBUG org.springframework.web.filter.CommonsRequestLoggingFilter [http-nio-10040-exec-4] After request [GET /api/v1/all-module/9, client=0:0:0:0:0:0:0:1]
2022-08-03 13:39:16,224 DEBUG org.springframework.web.filter.CommonsRequestLoggingFilter [http-nio-10040-exec-2] Before request [GET /api/v1/family-head-details, client=0:0:0:0:0:0:0:1]
2022-08-03 13:39:16,251 DEBUG org.springframework.web.filter.CommonsRequestLoggingFilter [http-nio-10040-exec-5] Before request [GET /api/v1/family-member-details?start=1&limit=10&isPagination=true, client=0:0:0:0:0:0:0:1]
2022-08-03 13:39:16,585 DEBUG org.springframework.web.filter.CommonsRequestLoggingFilter [http-nio-10040-exec-2] After request [GET /api/v1/family-head-details, client=0:0:0:0:0:0:0:1]
2022-08-03 13:39:16,669 DEBUG org.springframework.web.filter.CommonsRequestLoggingFilter [http-nio-10040-exec-5] After request [GET /api/v1/family-member-details?start=1&limit=10&isPagination=true, client=0:0:0:0:0:0:0:1]
2022-08-03 13:41:24,802 DEBUG org.springframework.web.filter.CommonsRequestLoggingFilter [http-nio-10040-exec-1] Before request [GET /api/v1/all-module/9, client=0:0:0:0:0:0:0:1]
2022-08-03 13:41:24,821 DEBUG org.springframework.web.filter.CommonsRequestLoggingFilter [http-nio-10040-exec-3] Before request [GET /api/v1/role-master-prm/read-only, client=0:0:0:0:0:0:0:1]
2022-08-03 13:41:25,180 DEBUG org.springframework.web.filter.CommonsRequestLoggingFilter [http-nio-10040-exec-3] After request [GET /api/v1/role-master-prm/read-only, client=0:0:0:0:0:0:0:1]
2022-08-03 13:41:25,859 DEBUG org.springframework.web.filter.CommonsRequestLoggingFilter [http-nio-10040-exec-1] After request [GET /api/v1/all-module/9, client=0:0:0:0:0:0:0:1]
2022-08-03 13:41:25,908 DEBUG org.springframework.web.filter.CommonsRequestLoggingFilter [http-nio-10040-exec-2] Before request [GET /api/v1/family-head-details, client=0:0:0:0:0:0:0:1]
2022-08-03 13:41:25,949 DEBUG org.springframework.web.filter.CommonsRequestLoggingFilter [http-nio-10040-exec-9] Before request [GET /api/v1/family-member-details?start=1&limit=10&isPagination=true, client=0:0:0:0:0:0:0:1]
2022-08-03 13:41:26,090 DEBUG org.springframework.web.filter.CommonsRequestLoggingFilter [http-nio-10040-exec-2] After request [GET /api/v1/family-head-details, client=0:0:0:0:0:0:0:1]
2022-08-03 13:41:26,299 DEBUG org.springframework.web.filter.CommonsRequestLoggingFilter [http-nio-10040-exec-9] After request [GET /api/v1/family-member-details?start=1&limit=10&isPagination=true, client=0:0:0:0:0:0:0:1]
2022-08-03 13:44:53,499 DEBUG org.springframework.web.filter.CommonsRequestLoggingFilter [http-nio-10040-exec-3] Before request [GET /api/v1/all-module/4, client=0:0:0:0:0:0:0:1]
2022-08-03 13:44:53,502 DEBUG org.springframework.web.filter.CommonsRequestLoggingFilter [http-nio-10040-exec-1] Before request [GET /api/v1/role-master-prm/read-only, client=0:0:0:0:0:0:0:1]
2022-08-03 13:44:54,629 DEBUG org.springframework.web.filter.CommonsRequestLoggingFilter [http-nio-10040-exec-3] After request [GET /api/v1/all-module/4, client=0:0:0:0:0:0:0:1]
2022-08-03 13:44:54,687 DEBUG org.springframework.web.filter.CommonsRequestLoggingFilter [http-nio-10040-exec-9] Before request [GET /api/v1/page-master?isPagination=false, client=0:0:0:0:0:0:0:1]
2022-08-03 13:44:54,687 DEBUG org.springframework.web.filter.CommonsRequestLoggingFilter [http-nio-10040-exec-2] Before request [GET /api/v1/page-master/parent, client=0:0:0:0:0:0:0:1]
2022-08-03 13:44:54,877 DEBUG org.springframework.web.filter.CommonsRequestLoggingFilter [http-nio-10040-exec-2] After request [GET /api/v1/page-master/parent, client=0:0:0:0:0:0:0:1]
2022-08-03 13:44:55,061 DEBUG org.springframework.web.filter.CommonsRequestLoggingFilter [http-nio-10040-exec-9] After request [GET /api/v1/page-master?isPagination=false, client=0:0:0:0:0:0:0:1]
2022-08-03 13:44:58,925 DEBUG org.springframework.web.filter.CommonsRequestLoggingFilter [http-nio-10040-exec-1] After request [GET /api/v1/role-master-prm/read-only, client=0:0:0:0:0:0:0:1]
2022-08-03 13:45:02,664 DEBUG org.springframework.web.filter.CommonsRequestLoggingFilter [http-nio-10040-exec-8] Before request [GET /api/v1/table-main-schema/9, client=0:0:0:0:0:0:0:1]
2022-08-03 13:45:02,671 DEBUG org.springframework.web.filter.CommonsRequestLoggingFilter [http-nio-10040-exec-4] Before request [GET /api/v1/table-button-schema/9, client=0:0:0:0:0:0:0:1]
2022-08-03 13:45:02,742 DEBUG org.springframework.web.filter.CommonsRequestLoggingFilter [http-nio-10040-exec-7] Before request [GET /api/v1/role-master-prm/read-only, client=0:0:0:0:0:0:0:1]
2022-08-03 13:45:03,016 DEBUG org.springframework.web.filter.CommonsRequestLoggingFilter [http-nio-10040-exec-8] After request [GET /api/v1/table-main-schema/9, client=0:0:0:0:0:0:0:1]
2022-08-03 13:45:03,027 DEBUG org.springframework.web.filter.CommonsRequestLoggingFilter [http-nio-10040-exec-4] After request [GET /api/v1/table-button-schema/9, client=0:0:0:0:0:0:0:1]
2022-08-03 13:45:03,097 DEBUG org.springframework.web.filter.CommonsRequestLoggingFilter [http-nio-10040-exec-7] After request [GET /api/v1/role-master-prm/read-only, client=0:0:0:0:0:0:0:1]
2022-08-03 13:45:08,703 DEBUG org.springframework.web.filter.CommonsRequestLoggingFilter [http-nio-10040-exec-2] Before request [GET /api/v1/all-module/4, client=0:0:0:0:0:0:0:1]
2022-08-03 13:45:08,715 DEBUG org.springframework.web.filter.CommonsRequestLoggingFilter [http-nio-10040-exec-1] Before request [GET /api/v1/role-master-prm/read-only, client=0:0:0:0:0:0:0:1]
2022-08-03 13:45:09,068 DEBUG org.springframework.web.filter.CommonsRequestLoggingFilter [http-nio-10040-exec-1] After request [GET /api/v1/role-master-prm/read-only, client=0:0:0:0:0:0:0:1]
2022-08-03 13:45:09,759 DEBUG org.springframework.web.filter.CommonsRequestLoggingFilter [http-nio-10040-exec-2] After request [GET /api/v1/all-module/4, client=0:0:0:0:0:0:0:1]
2022-08-03 13:45:09,777 DEBUG org.springframework.web.filter.CommonsRequestLoggingFilter [http-nio-10040-exec-6] Before request [GET /api/v1/page-master/parent, client=0:0:0:0:0:0:0:1]
2022-08-03 13:45:09,821 DEBUG org.springframework.web.filter.CommonsRequestLoggingFilter [http-nio-10040-exec-8] Before request [GET /api/v1/page-master?isPagination=false, client=0:0:0:0:0:0:0:1]
2022-08-03 13:45:09,961 DEBUG org.springframework.web.filter.CommonsRequestLoggingFilter [http-nio-10040-exec-6] After request [GET /api/v1/page-master/parent, client=0:0:0:0:0:0:0:1]
2022-08-03 13:45:10,182 DEBUG org.springframework.web.filter.CommonsRequestLoggingFilter [http-nio-10040-exec-8] After request [GET /api/v1/page-master?isPagination=false, client=0:0:0:0:0:0:0:1]
2022-08-03 13:45:13,915 DEBUG org.springframework.web.filter.CommonsRequestLoggingFilter [http-nio-10040-exec-7] Before request [GET /api/v1/form-data/9, client=0:0:0:0:0:0:0:1]
2022-08-03 13:45:13,930 DEBUG org.springframework.web.filter.CommonsRequestLoggingFilter [http-nio-10040-exec-9] Before request [GET /api/v1/role-master-prm/read-only, client=0:0:0:0:0:0:0:1]
2022-08-03 13:45:14,277 DEBUG org.springframework.web.filter.CommonsRequestLoggingFilter [http-nio-10040-exec-7] After request [GET /api/v1/form-data/9, client=0:0:0:0:0:0:0:1]
2022-08-03 13:45:14,299 DEBUG org.springframework.web.filter.CommonsRequestLoggingFilter [http-nio-10040-exec-9] After request [GET /api/v1/role-master-prm/read-only, client=0:0:0:0:0:0:0:1]
2022-08-03 13:45:14,336 DEBUG org.springframework.web.filter.CommonsRequestLoggingFilter [http-nio-10040-exec-2] Before request [GET /api/v1/family-head-details, client=0:0:0:0:0:0:0:1]
2022-08-03 13:45:14,695 DEBUG org.springframework.web.filter.CommonsRequestLoggingFilter [http-nio-10040-exec-2] After request [GET /api/v1/family-head-details, client=0:0:0:0:0:0:0:1]
2022-08-03 13:45:23,507 DEBUG org.springframework.web.filter.CommonsRequestLoggingFilter [http-nio-10040-exec-3] Before request [GET /api/v1/family-head-details, client=0:0:0:0:0:0:0:1]
2022-08-03 13:45:23,857 DEBUG org.springframework.web.filter.CommonsRequestLoggingFilter [http-nio-10040-exec-3] After request [GET /api/v1/family-head-details, client=0:0:0:0:0:0:0:1]
2022-08-03 13:49:30,801 DEBUG org.springframework.web.filter.CommonsRequestLoggingFilter [http-nio-10040-exec-7] Before request [GET /api/v1/family-head-details, client=0:0:0:0:0:0:0:1]
2022-08-03 13:49:51,209 DEBUG org.springframework.web.filter.CommonsRequestLoggingFilter [http-nio-10040-exec-7] After request [GET /api/v1/family-head-details, client=0:0:0:0:0:0:0:1]
2022-08-03 13:55:13,504 DEBUG org.springframework.web.filter.CommonsRequestLoggingFilter [http-nio-10040-exec-2] Before request [GET /api/v1/form-data/9, client=0:0:0:0:0:0:0:1]
2022-08-03 13:55:13,541 DEBUG org.springframework.web.filter.CommonsRequestLoggingFilter [http-nio-10040-exec-3] Before request [GET /api/v1/role-master-prm/read-only, client=0:0:0:0:0:0:0:1]
2022-08-03 13:55:23,883 DEBUG org.springframework.web.filter.CommonsRequestLoggingFilter [http-nio-10040-exec-2] After request [GET /api/v1/form-data/9, client=0:0:0:0:0:0:0:1]
2022-08-03 13:55:23,917 DEBUG org.springframework.web.filter.CommonsRequestLoggingFilter [http-nio-10040-exec-3] After request [GET /api/v1/role-master-prm/read-only, client=0:0:0:0:0:0:0:1]
2022-08-03 13:55:23,978 DEBUG org.springframework.web.filter.CommonsRequestLoggingFilter [http-nio-10040-exec-8] Before request [GET /api/v1/family-head-details, client=0:0:0:0:0:0:0:1]
2022-08-03 13:55:24,160 DEBUG org.springframework.web.filter.CommonsRequestLoggingFilter [http-nio-10040-exec-8] After request [GET /api/v1/family-head-details, client=0:0:0:0:0:0:0:1]
2022-08-03 13:56:19,854 DEBUG org.springframework.web.filter.CommonsRequestLoggingFilter [http-nio-10040-exec-5] Before request [GET /api/v1/form-data/9, client=0:0:0:0:0:0:0:1]
2022-08-03 13:56:19,881 DEBUG org.springframework.web.filter.CommonsRequestLoggingFilter [http-nio-10040-exec-9] Before request [GET /api/v1/role-master-prm/read-only, client=0:0:0:0:0:0:0:1]
2022-08-03 13:56:20,219 DEBUG org.springframework.web.filter.CommonsRequestLoggingFilter [http-nio-10040-exec-5] After request [GET /api/v1/form-data/9, client=0:0:0:0:0:0:0:1]
2022-08-03 13:56:20,242 DEBUG org.springframework.web.filter.CommonsRequestLoggingFilter [http-nio-10040-exec-9] After request [GET /api/v1/role-master-prm/read-only, client=0:0:0:0:0:0:0:1]
2022-08-03 13:56:20,320 DEBUG org.springframework.web.filter.CommonsRequestLoggingFilter [http-nio-10040-exec-10] Before request [GET /api/v1/family-head-details, client=0:0:0:0:0:0:0:1]
2022-08-03 13:56:20,505 DEBUG org.springframework.web.filter.CommonsRequestLoggingFilter [http-nio-10040-exec-10] After request [GET /api/v1/family-head-details, client=0:0:0:0:0:0:0:1]
2022-08-03 13:56:27,649 DEBUG org.springframework.web.filter.CommonsRequestLoggingFilter [http-nio-10040-exec-3] Before request [GET /api/v1/family-head-details, client=0:0:0:0:0:0:0:1]
2022-08-03 13:56:28,013 DEBUG org.springframework.web.filter.CommonsRequestLoggingFilter [http-nio-10040-exec-3] After request [GET /api/v1/family-head-details, client=0:0:0:0:0:0:0:1]
2022-08-03 13:58:55,074 DEBUG org.springframework.web.filter.CommonsRequestLoggingFilter [http-nio-10040-exec-7] Before request [GET /api/v1/all-module/9, client=0:0:0:0:0:0:0:1]
2022-08-03 13:58:56,137 DEBUG org.springframework.web.filter.CommonsRequestLoggingFilter [http-nio-10040-exec-7] After request [GET /api/v1/all-module/9, client=0:0:0:0:0:0:0:1]
2022-08-03 13:58:56,199 DEBUG org.springframework.web.filter.CommonsRequestLoggingFilter [http-nio-10040-exec-9] Before request [GET /api/v1/family-head-details, client=0:0:0:0:0:0:0:1]
2022-08-03 13:58:56,223 DEBUG org.springframework.web.filter.CommonsRequestLoggingFilter [http-nio-10040-exec-10] Before request [GET /api/v1/family-member-details?start=1&limit=10&isPagination=true, client=0:0:0:0:0:0:0:1]
2022-08-03 13:58:56,403 DEBUG org.springframework.web.filter.CommonsRequestLoggingFilter [http-nio-10040-exec-10] After request [GET /api/v1/family-member-details?start=1&limit=10&isPagination=true, client=0:0:0:0:0:0:0:1]
2022-08-03 13:58:56,549 DEBUG org.springframework.web.filter.CommonsRequestLoggingFilter [http-nio-10040-exec-9] After request [GET /api/v1/family-head-details, client=0:0:0:0:0:0:0:1]
2022-08-03 14:04:27,864 DEBUG org.springframework.web.filter.CommonsRequestLoggingFilter [http-nio-10040-exec-8] Before request [GET /api/v1/role-master-prm/read-only, client=0:0:0:0:0:0:0:1]
2022-08-03 14:04:48,280 DEBUG org.springframework.web.filter.CommonsRequestLoggingFilter [http-nio-10040-exec-8] After request [GET /api/v1/role-master-prm/read-only, client=0:0:0:0:0:0:0:1]
2022-08-03 14:05:06,709 DEBUG org.springframework.web.filter.CommonsRequestLoggingFilter [http-nio-10040-exec-7] Before request [GET /api/v1/all-module/4, client=0:0:0:0:0:0:0:1]
2022-08-03 14:05:07,764 DEBUG org.springframework.web.filter.CommonsRequestLoggingFilter [http-nio-10040-exec-7] After request [GET /api/v1/all-module/4, client=0:0:0:0:0:0:0:1]
2022-08-03 14:05:07,774 DEBUG org.springframework.web.filter.CommonsRequestLoggingFilter [http-nio-10040-exec-1] Before request [GET /api/v1/page-master/parent, client=0:0:0:0:0:0:0:1]
2022-08-03 14:05:07,840 DEBUG org.springframework.web.filter.CommonsRequestLoggingFilter [http-nio-10040-exec-9] Before request [GET /api/v1/page-master?isPagination=false, client=0:0:0:0:0:0:0:1]
2022-08-03 14:05:07,954 DEBUG org.springframework.web.filter.CommonsRequestLoggingFilter [http-nio-10040-exec-1] After request [GET /api/v1/page-master/parent, client=0:0:0:0:0:0:0:1]
2022-08-03 14:05:08,201 DEBUG org.springframework.web.filter.CommonsRequestLoggingFilter [http-nio-10040-exec-9] After request [GET /api/v1/page-master?isPagination=false, client=0:0:0:0:0:0:0:1]
2022-08-03 14:05:10,179 DEBUG org.springframework.web.filter.CommonsRequestLoggingFilter [http-nio-10040-exec-2] Before request [GET /api/v1/form-data/9, client=0:0:0:0:0:0:0:1]
2022-08-03 14:05:10,193 DEBUG org.springframework.web.filter.CommonsRequestLoggingFilter [http-nio-10040-exec-8] Before request [GET /api/v1/role-master-prm/read-only, client=0:0:0:0:0:0:0:1]
2022-08-03 14:05:10,533 DEBUG org.springframework.web.filter.CommonsRequestLoggingFilter [http-nio-10040-exec-2] After request [GET /api/v1/form-data/9, client=0:0:0:0:0:0:0:1]
2022-08-03 14:05:10,563 DEBUG org.springframework.web.filter.CommonsRequestLoggingFilter [http-nio-10040-exec-8] After request [GET /api/v1/role-master-prm/read-only, client=0:0:0:0:0:0:0:1]
2022-08-03 14:05:10,627 DEBUG org.springframework.web.filter.CommonsRequestLoggingFilter [http-nio-10040-exec-7] Before request [GET /api/v1/family-head-details, client=0:0:0:0:0:0:0:1]
2022-08-03 14:05:10,811 DEBUG org.springframework.web.filter.CommonsRequestLoggingFilter [http-nio-10040-exec-7] After request [GET /api/v1/family-head-details, client=0:0:0:0:0:0:0:1]
2022-08-03 14:05:30,436 DEBUG org.springframework.web.filter.CommonsRequestLoggingFilter [http-nio-10040-exec-10] Before request [POST /api/v1/form-data, client=0:0:0:0:0:0:0:1]
2022-08-03 14:06:35,858 DEBUG org.springframework.web.filter.CommonsRequestLoggingFilter [http-nio-10040-exec-10] After request [POST /api/v1/form-data, client=0:0:0:0:0:0:0:1, payload=[{"header":"FieldLable","liNo":1,"pageMasterId":"9]
2022-08-03 14:06:37,366 DEBUG org.springframework.web.filter.CommonsRequestLoggingFilter [http-nio-10040-exec-3] Before request [GET /api/v1/all-module/4, client=0:0:0:0:0:0:0:1]
2022-08-03 14:06:37,374 DEBUG org.springframework.web.filter.CommonsRequestLoggingFilter [http-nio-10040-exec-2] Before request [GET /api/v1/role-master-prm/read-only, client=0:0:0:0:0:0:0:1]
2022-08-03 14:06:37,728 DEBUG org.springframework.web.filter.CommonsRequestLoggingFilter [http-nio-10040-exec-2] After request [GET /api/v1/role-master-prm/read-only, client=0:0:0:0:0:0:0:1]
2022-08-03 14:06:38,423 DEBUG org.springframework.web.filter.CommonsRequestLoggingFilter [http-nio-10040-exec-3] After request [GET /api/v1/all-module/4, client=0:0:0:0:0:0:0:1]
2022-08-03 14:06:38,443 DEBUG org.springframework.web.filter.CommonsRequestLoggingFilter [http-nio-10040-exec-4] Before request [GET /api/v1/page-master/parent, client=0:0:0:0:0:0:0:1]
2022-08-03 14:06:38,503 DEBUG org.springframework.web.filter.CommonsRequestLoggingFilter [http-nio-10040-exec-5] Before request [GET /api/v1/page-master?isPagination=false, client=0:0:0:0:0:0:0:1]
2022-08-03 14:06:38,628 DEBUG org.springframework.web.filter.CommonsRequestLoggingFilter [http-nio-10040-exec-4] After request [GET /api/v1/page-master/parent, client=0:0:0:0:0:0:0:1]
2022-08-03 14:06:38,856 DEBUG org.springframework.web.filter.CommonsRequestLoggingFilter [http-nio-10040-exec-5] After request [GET /api/v1/page-master?isPagination=false, client=0:0:0:0:0:0:0:1]
2022-08-03 14:06:51,841 DEBUG org.springframework.web.filter.CommonsRequestLoggingFilter [http-nio-10040-exec-10] Before request [GET /api/v1/all-module/11, client=0:0:0:0:0:0:0:1]
2022-08-03 14:06:51,849 DEBUG org.springframework.web.filter.CommonsRequestLoggingFilter [http-nio-10040-exec-6] Before request [GET /api/v1/role-master-prm/read-only, client=0:0:0:0:0:0:0:1]
2022-08-03 14:06:52,202 DEBUG org.springframework.web.filter.CommonsRequestLoggingFilter [http-nio-10040-exec-6] After request [GET /api/v1/role-master-prm/read-only, client=0:0:0:0:0:0:0:1]
2022-08-03 14:06:52,894 DEBUG org.springframework.web.filter.CommonsRequestLoggingFilter [http-nio-10040-exec-10] After request [GET /api/v1/all-module/11, client=0:0:0:0:0:0:0:1]
2022-08-03 14:06:52,904 DEBUG org.springframework.web.filter.CommonsRequestLoggingFilter [http-nio-10040-exec-3] Before request [GET /api/v1, client=0:0:0:0:0:0:0:1]
2022-08-03 14:06:52,914 DEBUG org.springframework.web.filter.CommonsRequestLoggingFilter [http-nio-10040-exec-3] After request [GET /api/v1, client=0:0:0:0:0:0:0:1]
2022-08-03 14:06:53,008 DEBUG org.springframework.web.filter.CommonsRequestLoggingFilter [http-nio-10040-exec-7] Before request [GET /api/v1/subscription-entry?start=1&limit=10&isPagination=true, client=0:0:0:0:0:0:0:1]
2022-08-03 14:06:53,219 DEBUG org.springframework.web.filter.CommonsRequestLoggingFilter [http-nio-10040-exec-7] After request [GET /api/v1/subscription-entry?start=1&limit=10&isPagination=true, client=0:0:0:0:0:0:0:1]
2022-08-03 14:08:35,354 DEBUG org.springframework.web.filter.CommonsRequestLoggingFilter [http-nio-10040-exec-9] Before request [GET /api/v1/all-module/9, client=0:0:0:0:0:0:0:1]
2022-08-03 14:08:35,363 DEBUG org.springframework.web.filter.CommonsRequestLoggingFilter [http-nio-10040-exec-10] Before request [GET /api/v1/role-master-prm/read-only, client=0:0:0:0:0:0:0:1]
2022-08-03 14:08:35,721 DEBUG org.springframework.web.filter.CommonsRequestLoggingFilter [http-nio-10040-exec-10] After request [GET /api/v1/role-master-prm/read-only, client=0:0:0:0:0:0:0:1]
2022-08-03 14:08:36,407 DEBUG org.springframework.web.filter.CommonsRequestLoggingFilter [http-nio-10040-exec-9] After request [GET /api/v1/all-module/9, client=0:0:0:0:0:0:0:1]
2022-08-03 14:08:36,436 DEBUG org.springframework.web.filter.CommonsRequestLoggingFilter [http-nio-10040-exec-3] Before request [GET /api/v1/family-head-details, client=0:0:0:0:0:0:0:1]
2022-08-03 14:08:36,452 DEBUG org.springframework.web.filter.CommonsRequestLoggingFilter [http-nio-10040-exec-7] Before request [GET /api/v1/family-member-details?start=1&limit=10&isPagination=true, client=0:0:0:0:0:0:0:1]
2022-08-03 14:08:36,634 DEBUG org.springframework.web.filter.CommonsRequestLoggingFilter [http-nio-10040-exec-7] After request [GET /api/v1/family-member-details?start=1&limit=10&isPagination=true, client=0:0:0:0:0:0:0:1]
2022-08-03 14:08:36,787 DEBUG org.springframework.web.filter.CommonsRequestLoggingFilter [http-nio-10040-exec-3] After request [GET /api/v1/family-head-details, client=0:0:0:0:0:0:0:1]
2022-08-03 14:09:30,171 DEBUG org.springframework.web.filter.CommonsRequestLoggingFilter [http-nio-10040-exec-5] Before request [POST /api/v1/family-member-details, client=0:0:0:0:0:0:0:1]
2022-08-03 14:09:30,187 ERROR com.itz.mahalla.helpers.exception.RestResponseEntityExceptionHandler [http-nio-10040-exec-5] JSON parse error: Cannot deserialize value of type `int` from String "test": not a valid `int` value; nested exception is com.fasterxml.jackson.databind.exc.InvalidFormatException: Cannot deserialize value of type `int` from String "test": not a valid `int` value
 at [Source: (PushbackInputStream); line: 1, column: 181] (through reference chain: com.itz.mahalla.use_cases.family_module.family_member_details.dao.FamilyMemberDetailsDao["familyHeadDetailsId"])
2022-08-03 14:09:30,217 DEBUG org.springframework.web.filter.CommonsRequestLoggingFilter [http-nio-10040-exec-5] After request [POST /api/v1/family-member-details, client=0:0:0:0:0:0:0:1, payload={"name":"haris","age":"22","gender":"Male","addres]
2022-08-03 14:09:49,846 DEBUG org.springframework.web.filter.CommonsRequestLoggingFilter [http-nio-10040-exec-10] Before request [POST /api/v1/family-member-details, client=0:0:0:0:0:0:0:1]
2022-08-03 14:09:49,853 ERROR com.itz.mahalla.helpers.exception.RestResponseEntityExceptionHandler [http-nio-10040-exec-10] JSON parse error: Cannot deserialize value of type `int` from String "test": not a valid `int` value; nested exception is com.fasterxml.jackson.databind.exc.InvalidFormatException: Cannot deserialize value of type `int` from String "test": not a valid `int` value
 at [Source: (PushbackInputStream); line: 1, column: 181] (through reference chain: com.itz.mahalla.use_cases.family_module.family_member_details.dao.FamilyMemberDetailsDao["familyHeadDetailsId"])
2022-08-03 14:09:49,866 DEBUG org.springframework.web.filter.CommonsRequestLoggingFilter [http-nio-10040-exec-10] After request [POST /api/v1/family-member-details, client=0:0:0:0:0:0:0:1, payload={"name":"haris","age":"22","gender":"Male","addres]
2022-08-03 14:10:19,931 DEBUG org.springframework.web.filter.CommonsRequestLoggingFilter [http-nio-10040-exec-2] Before request [GET /api/v1/all-module/4, client=0:0:0:0:0:0:0:1]
2022-08-03 14:10:19,940 DEBUG org.springframework.web.filter.CommonsRequestLoggingFilter [http-nio-10040-exec-7] Before request [GET /api/v1/role-master-prm/read-only, client=0:0:0:0:0:0:0:1]
2022-08-03 14:10:20,293 DEBUG org.springframework.web.filter.CommonsRequestLoggingFilter [http-nio-10040-exec-7] After request [GET /api/v1/role-master-prm/read-only, client=0:0:0:0:0:0:0:1]
2022-08-03 14:10:21,015 DEBUG org.springframework.web.filter.CommonsRequestLoggingFilter [http-nio-10040-exec-2] After request [GET /api/v1/all-module/4, client=0:0:0:0:0:0:0:1]
2022-08-03 14:10:21,033 DEBUG org.springframework.web.filter.CommonsRequestLoggingFilter [http-nio-10040-exec-4] Before request [GET /api/v1/page-master/parent, client=0:0:0:0:0:0:0:1]
2022-08-03 14:10:21,070 DEBUG org.springframework.web.filter.CommonsRequestLoggingFilter [http-nio-10040-exec-1] Before request [GET /api/v1/page-master?isPagination=false, client=0:0:0:0:0:0:0:1]
2022-08-03 14:10:21,260 DEBUG org.springframework.web.filter.CommonsRequestLoggingFilter [http-nio-10040-exec-1] After request [GET /api/v1/page-master?isPagination=false, client=0:0:0:0:0:0:0:1]
2022-08-03 14:10:21,387 DEBUG org.springframework.web.filter.CommonsRequestLoggingFilter [http-nio-10040-exec-4] After request [GET /api/v1/page-master/parent, client=0:0:0:0:0:0:0:1]
2022-08-03 14:10:24,827 DEBUG org.springframework.web.filter.CommonsRequestLoggingFilter [http-nio-10040-exec-9] Before request [GET /api/v1/table-main-schema/9, client=0:0:0:0:0:0:0:1]
2022-08-03 14:10:24,828 DEBUG org.springframework.web.filter.CommonsRequestLoggingFilter [http-nio-10040-exec-8] Before request [GET /api/v1/table-button-schema/9, client=0:0:0:0:0:0:0:1]
2022-08-03 14:10:24,893 DEBUG org.springframework.web.filter.CommonsRequestLoggingFilter [http-nio-10040-exec-7] Before request [GET /api/v1/role-master-prm/read-only, client=0:0:0:0:0:0:0:1]
2022-08-03 14:10:25,186 DEBUG org.springframework.web.filter.CommonsRequestLoggingFilter [http-nio-10040-exec-8] After request [GET /api/v1/table-button-schema/9, client=0:0:0:0:0:0:0:1]
2022-08-03 14:10:25,208 DEBUG org.springframework.web.filter.CommonsRequestLoggingFilter [http-nio-10040-exec-9] After request [GET /api/v1/table-main-schema/9, client=0:0:0:0:0:0:0:1]
2022-08-03 14:10:26,620 DEBUG org.springframework.web.filter.CommonsRequestLoggingFilter [http-nio-10040-exec-5] Before request [GET /api/v1/all-module/4, client=0:0:0:0:0:0:0:1]
2022-08-03 14:10:27,667 DEBUG org.springframework.web.filter.CommonsRequestLoggingFilter [http-nio-10040-exec-5] After request [GET /api/v1/all-module/4, client=0:0:0:0:0:0:0:1]
2022-08-03 14:10:27,678 DEBUG org.springframework.web.filter.CommonsRequestLoggingFilter [http-nio-10040-exec-4] Before request [GET /api/v1/page-master/parent, client=0:0:0:0:0:0:0:1]
2022-08-03 14:10:27,701 DEBUG org.springframework.web.filter.CommonsRequestLoggingFilter [http-nio-10040-exec-6] Before request [GET /api/v1/page-master?isPagination=false, client=0:0:0:0:0:0:0:1]
2022-08-03 14:10:27,897 DEBUG org.springframework.web.filter.CommonsRequestLoggingFilter [http-nio-10040-exec-6] After request [GET /api/v1/page-master?isPagination=false, client=0:0:0:0:0:0:0:1]
2022-08-03 14:10:28,029 DEBUG org.springframework.web.filter.CommonsRequestLoggingFilter [http-nio-10040-exec-4] After request [GET /api/v1/page-master/parent, client=0:0:0:0:0:0:0:1]
2022-08-03 14:10:30,258 DEBUG org.springframework.web.filter.CommonsRequestLoggingFilter [http-nio-10040-exec-7] After request [GET /api/v1/role-master-prm/read-only, client=0:0:0:0:0:0:0:1]
2022-08-03 14:10:30,264 DEBUG org.springframework.web.filter.CommonsRequestLoggingFilter [http-nio-10040-exec-8] Before request [GET /api/v1/role-master-prm/read-only, client=0:0:0:0:0:0:0:1]
2022-08-03 14:10:30,456 DEBUG org.springframework.web.filter.CommonsRequestLoggingFilter [http-nio-10040-exec-8] After request [GET /api/v1/role-master-prm/read-only, client=0:0:0:0:0:0:0:1]
2022-08-03 14:10:31,504 DEBUG org.springframework.web.filter.CommonsRequestLoggingFilter [http-nio-10040-exec-2] Before request [GET /api/v1/form-data/9, client=0:0:0:0:0:0:0:1]
2022-08-03 14:10:31,512 DEBUG org.springframework.web.filter.CommonsRequestLoggingFilter [http-nio-10040-exec-3] Before request [GET /api/v1/role-master-prm/read-only, client=0:0:0:0:0:0:0:1]
2022-08-03 14:10:31,857 DEBUG org.springframework.web.filter.CommonsRequestLoggingFilter [http-nio-10040-exec-2] After request [GET /api/v1/form-data/9, client=0:0:0:0:0:0:0:1]
2022-08-03 14:10:31,868 DEBUG org.springframework.web.filter.CommonsRequestLoggingFilter [http-nio-10040-exec-3] After request [GET /api/v1/role-master-prm/read-only, client=0:0:0:0:0:0:0:1]
2022-08-03 14:10:31,930 DEBUG org.springframework.web.filter.CommonsRequestLoggingFilter [http-nio-10040-exec-1] Before request [GET /api/v1/family-head-details, client=0:0:0:0:0:0:0:1]
2022-08-03 14:10:32,110 DEBUG org.springframework.web.filter.CommonsRequestLoggingFilter [http-nio-10040-exec-1] After request [GET /api/v1/family-head-details, client=0:0:0:0:0:0:0:1]
2022-08-03 14:12:24,177 DEBUG org.springframework.web.filter.CommonsRequestLoggingFilter [http-nio-10040-exec-8] Before request [POST /api/v1/form-data, client=0:0:0:0:0:0:0:1]
2022-08-03 14:13:31,403 DEBUG org.springframework.web.filter.CommonsRequestLoggingFilter [http-nio-10040-exec-8] After request [POST /api/v1/form-data, client=0:0:0:0:0:0:0:1, payload=[{"header":"FieldLable","liNo":1,"pageMasterId":"9]
2022-08-03 14:13:32,340 DEBUG org.springframework.web.filter.CommonsRequestLoggingFilter [http-nio-10040-exec-2] Before request [GET /api/v1/all-module/4, client=0:0:0:0:0:0:0:1]
2022-08-03 14:13:32,354 DEBUG org.springframework.web.filter.CommonsRequestLoggingFilter [http-nio-10040-exec-5] Before request [GET /api/v1/role-master-prm/read-only, client=0:0:0:0:0:0:0:1]
2022-08-03 14:13:32,704 DEBUG org.springframework.web.filter.CommonsRequestLoggingFilter [http-nio-10040-exec-5] After request [GET /api/v1/role-master-prm/read-only, client=0:0:0:0:0:0:0:1]
2022-08-03 14:13:33,395 DEBUG org.springframework.web.filter.CommonsRequestLoggingFilter [http-nio-10040-exec-2] After request [GET /api/v1/all-module/4, client=0:0:0:0:0:0:0:1]
2022-08-03 14:13:33,410 DEBUG org.springframework.web.filter.CommonsRequestLoggingFilter [http-nio-10040-exec-10] Before request [GET /api/v1/page-master/parent, client=0:0:0:0:0:0:0:1]
2022-08-03 14:13:33,451 DEBUG org.springframework.web.filter.CommonsRequestLoggingFilter [http-nio-10040-exec-6] Before request [GET /api/v1/page-master?isPagination=false, client=0:0:0:0:0:0:0:1]
2022-08-03 14:13:33,636 DEBUG org.springframework.web.filter.CommonsRequestLoggingFilter [http-nio-10040-exec-6] After request [GET /api/v1/page-master?isPagination=false, client=0:0:0:0:0:0:0:1]
2022-08-03 14:13:33,765 DEBUG org.springframework.web.filter.CommonsRequestLoggingFilter [http-nio-10040-exec-10] After request [GET /api/v1/page-master/parent, client=0:0:0:0:0:0:0:1]
2022-08-03 15:42:54,676 INFO org.springframework.boot.StartupInfoLogger [restartedMain] Starting MahallaSpringApplication using Java 18.0.1.1 on DESKTOP-DG5D4SP with PID 3060 (D:\My workspace\Angular project\Mahalla\Backend\target\classes started by 91956 in D:\My workspace\Angular project\Mahalla\Backend)
2022-08-03 15:42:54,683 DEBUG org.springframework.boot.StartupInfoLogger [restartedMain] Running with Spring Boot v2.5.2, Spring v5.3.8
2022-08-03 15:42:54,683 INFO org.springframework.boot.SpringApplication [restartedMain] No active profile set, falling back to default profiles: default
2022-08-03 15:43:10,433 DEBUG org.springframework.web.filter.GenericFilterBean [restartedMain] Filter 'requestLoggingFilter' configured for use
2022-08-03 15:43:10,433 DEBUG org.springframework.web.filter.GenericFilterBean [restartedMain] Filter 'jwtRequestFilter' configured for use
2022-08-03 15:43:12,792 INFO org.springframework.boot.StartupInfoLogger [restartedMain] Started MahallaSpringApplication in 19.215 seconds (JVM running for 21.536)
2022-08-03 15:45:02,083 DEBUG org.springframework.web.filter.CommonsRequestLoggingFilter [http-nio-10040-exec-4] Before request [GET /api/v1/role-master-prm/read-only, client=0:0:0:0:0:0:0:1]
2022-08-03 15:45:02,082 DEBUG org.springframework.web.filter.CommonsRequestLoggingFilter [http-nio-10040-exec-3] Before request [GET /api/v1/all-module/4, client=0:0:0:0:0:0:0:1]
2022-08-03 15:45:02,896 DEBUG org.springframework.web.filter.CommonsRequestLoggingFilter [http-nio-10040-exec-4] After request [GET /api/v1/role-master-prm/read-only, client=0:0:0:0:0:0:0:1]
2022-08-03 15:45:03,875 DEBUG org.springframework.web.filter.CommonsRequestLoggingFilter [http-nio-10040-exec-3] After request [GET /api/v1/all-module/4, client=0:0:0:0:0:0:0:1]
2022-08-03 15:45:03,894 DEBUG org.springframework.web.filter.CommonsRequestLoggingFilter [http-nio-10040-exec-6] Before request [GET /api/v1/page-master/parent, client=0:0:0:0:0:0:0:1]
2022-08-03 15:45:03,984 DEBUG org.springframework.web.filter.CommonsRequestLoggingFilter [http-nio-10040-exec-8] Before request [GET /api/v1/page-master?isPagination=false, client=0:0:0:0:0:0:0:1]
2022-08-03 15:45:04,089 DEBUG org.springframework.web.filter.CommonsRequestLoggingFilter [http-nio-10040-exec-6] After request [GET /api/v1/page-master/parent, client=0:0:0:0:0:0:0:1]
2022-08-03 15:45:04,395 DEBUG org.springframework.web.filter.CommonsRequestLoggingFilter [http-nio-10040-exec-8] After request [GET /api/v1/page-master?isPagination=false, client=0:0:0:0:0:0:0:1]
2022-08-03 15:45:51,567 DEBUG org.springframework.web.filter.CommonsRequestLoggingFilter [http-nio-10040-exec-10] Before request [GET /api/v1/all-module/11, client=0:0:0:0:0:0:0:1]
2022-08-03 15:45:51,577 DEBUG org.springframework.web.filter.CommonsRequestLoggingFilter [http-nio-10040-exec-2] Before request [GET /api/v1/role-master-prm/read-only, client=0:0:0:0:0:0:0:1]
2022-08-03 15:45:51,952 DEBUG org.springframework.web.filter.CommonsRequestLoggingFilter [http-nio-10040-exec-2] After request [GET /api/v1/role-master-prm/read-only, client=0:0:0:0:0:0:0:1]
2022-08-03 15:45:52,637 DEBUG org.springframework.web.filter.CommonsRequestLoggingFilter [http-nio-10040-exec-10] After request [GET /api/v1/all-module/11, client=0:0:0:0:0:0:0:1]
2022-08-03 15:45:52,661 DEBUG org.springframework.web.filter.CommonsRequestLoggingFilter [http-nio-10040-exec-3] Before request [GET /api/v1, client=0:0:0:0:0:0:0:1]
2022-08-03 15:45:52,676 DEBUG org.springframework.web.filter.CommonsRequestLoggingFilter [http-nio-10040-exec-3] After request [GET /api/v1, client=0:0:0:0:0:0:0:1]
2022-08-03 15:45:52,730 DEBUG org.springframework.web.filter.CommonsRequestLoggingFilter [http-nio-10040-exec-7] Before request [GET /api/v1/subscription-entry?start=1&limit=10&isPagination=true, client=0:0:0:0:0:0:0:1]
2022-08-03 15:45:52,947 DEBUG org.springframework.web.filter.CommonsRequestLoggingFilter [http-nio-10040-exec-7] After request [GET /api/v1/subscription-entry?start=1&limit=10&isPagination=true, client=0:0:0:0:0:0:0:1]
2022-08-03 15:46:17,063 DEBUG org.springframework.web.filter.CommonsRequestLoggingFilter [http-nio-10040-exec-8] Before request [GET /api/v1/all-module/2, client=0:0:0:0:0:0:0:1]
2022-08-03 15:46:17,074 DEBUG org.springframework.web.filter.CommonsRequestLoggingFilter [http-nio-10040-exec-1] Before request [GET /api/v1/role-master-prm/read-only, client=0:0:0:0:0:0:0:1]
2022-08-03 15:46:17,440 DEBUG org.springframework.web.filter.CommonsRequestLoggingFilter [http-nio-10040-exec-1] After request [GET /api/v1/role-master-prm/read-only, client=0:0:0:0:0:0:0:1]
2022-08-03 15:46:18,131 DEBUG org.springframework.web.filter.CommonsRequestLoggingFilter [http-nio-10040-exec-8] After request [GET /api/v1/all-module/2, client=0:0:0:0:0:0:0:1]
2022-08-03 15:46:18,176 DEBUG org.springframework.web.filter.CommonsRequestLoggingFilter [http-nio-10040-exec-10] Before request [GET /api/v1/role-master, client=0:0:0:0:0:0:0:1]
2022-08-03 15:46:18,210 DEBUG org.springframework.web.filter.CommonsRequestLoggingFilter [http-nio-10040-exec-3] Before request [GET /api/v1/user-master?isPagination=false, client=0:0:0:0:0:0:0:1]
2022-08-03 15:46:18,403 DEBUG org.springframework.web.filter.CommonsRequestLoggingFilter [http-nio-10040-exec-3] After request [GET /api/v1/user-master?isPagination=false, client=0:0:0:0:0:0:0:1]
2022-08-03 15:46:18,570 DEBUG org.springframework.web.filter.CommonsRequestLoggingFilter [http-nio-10040-exec-10] After request [GET /api/v1/role-master, client=0:0:0:0:0:0:0:1]
2022-08-03 15:46:23,409 DEBUG org.springframework.web.filter.CommonsRequestLoggingFilter [http-nio-10040-exec-7] Before request [GET /api/v1/all-module/5, client=0:0:0:0:0:0:0:1]
2022-08-03 15:46:23,421 DEBUG org.springframework.web.filter.CommonsRequestLoggingFilter [http-nio-10040-exec-9] Before request [GET /api/v1/role-master-prm/read-only, client=0:0:0:0:0:0:0:1]
2022-08-03 15:46:23,793 DEBUG org.springframework.web.filter.CommonsRequestLoggingFilter [http-nio-10040-exec-9] After request [GET /api/v1/role-master-prm/read-only, client=0:0:0:0:0:0:0:1]
2022-08-03 15:46:24,476 DEBUG org.springframework.web.filter.CommonsRequestLoggingFilter [http-nio-10040-exec-7] After request [GET /api/v1/all-module/5, client=0:0:0:0:0:0:0:1]
2022-08-03 15:46:24,517 DEBUG org.springframework.web.filter.CommonsRequestLoggingFilter [http-nio-10040-exec-8] Before request [GET /api/v1/role-master?isPagination=false, client=0:0:0:0:0:0:0:1]
2022-08-03 15:46:25,762 DEBUG org.springframework.web.filter.CommonsRequestLoggingFilter [http-nio-10040-exec-8] After request [GET /api/v1/role-master?isPagination=false, client=0:0:0:0:0:0:0:1]
2022-08-03 15:46:29,692 DEBUG org.springframework.web.filter.CommonsRequestLoggingFilter [http-nio-10040-exec-4] Before request [GET /api/v1/all-module/8, client=0:0:0:0:0:0:0:1]
2022-08-03 15:46:29,707 DEBUG org.springframework.web.filter.CommonsRequestLoggingFilter [http-nio-10040-exec-10] Before request [GET /api/v1/role-master-prm/read-only, client=0:0:0:0:0:0:0:1]
2022-08-03 15:46:30,090 DEBUG org.springframework.web.filter.CommonsRequestLoggingFilter [http-nio-10040-exec-10] After request [GET /api/v1/role-master-prm/read-only, client=0:0:0:0:0:0:0:1]
2022-08-03 15:46:30,748 DEBUG org.springframework.web.filter.CommonsRequestLoggingFilter [http-nio-10040-exec-4] After request [GET /api/v1/all-module/8, client=0:0:0:0:0:0:0:1]
2022-08-03 15:46:30,804 DEBUG org.springframework.web.filter.CommonsRequestLoggingFilter [http-nio-10040-exec-6] Before request [GET /api/v1/family-head-details?start=1&limit=10&isPagination=true, client=0:0:0:0:0:0:0:1]
2022-08-03 15:46:31,205 DEBUG org.springframework.web.filter.CommonsRequestLoggingFilter [http-nio-10040-exec-6] After request [GET /api/v1/family-head-details?start=1&limit=10&isPagination=true, client=0:0:0:0:0:0:0:1]
2022-08-03 16:00:24,030 DEBUG org.springframework.web.filter.CommonsRequestLoggingFilter [http-nio-10040-exec-2] Before request [GET /api/v1/all-module/11, client=0:0:0:0:0:0:0:1]
2022-08-03 16:00:24,036 DEBUG org.springframework.web.filter.CommonsRequestLoggingFilter [http-nio-10040-exec-3] Before request [GET /api/v1/role-master-prm/read-only, client=0:0:0:0:0:0:0:1]
2022-08-03 16:00:31,145 DEBUG org.springframework.web.filter.CommonsRequestLoggingFilter [http-nio-10040-exec-3] After request [GET /api/v1/role-master-prm/read-only, client=0:0:0:0:0:0:0:1]
2022-08-03 16:00:35,167 DEBUG org.springframework.web.filter.CommonsRequestLoggingFilter [http-nio-10040-exec-2] After request [GET /api/v1/all-module/11, client=0:0:0:0:0:0:0:1]
2022-08-03 16:00:35,187 DEBUG org.springframework.web.filter.CommonsRequestLoggingFilter [http-nio-10040-exec-4] Before request [GET /api/v1, client=0:0:0:0:0:0:0:1]
2022-08-03 16:00:35,196 DEBUG org.springframework.web.filter.CommonsRequestLoggingFilter [http-nio-10040-exec-4] After request [GET /api/v1, client=0:0:0:0:0:0:0:1]
2022-08-03 16:00:35,226 DEBUG org.springframework.web.filter.CommonsRequestLoggingFilter [http-nio-10040-exec-6] Before request [GET /api/v1/subscription-entry?start=1&limit=10&isPagination=true, client=0:0:0:0:0:0:0:1]
2022-08-03 16:00:35,407 DEBUG org.springframework.web.filter.CommonsRequestLoggingFilter [http-nio-10040-exec-6] After request [GET /api/v1/subscription-entry?start=1&limit=10&isPagination=true, client=0:0:0:0:0:0:0:1]
2022-08-03 16:02:01,232 DEBUG org.springframework.web.filter.CommonsRequestLoggingFilter [http-nio-10040-exec-3] Before request [GET /api/v1/all-module/8, client=0:0:0:0:0:0:0:1]
2022-08-03 16:02:01,242 DEBUG org.springframework.web.filter.CommonsRequestLoggingFilter [http-nio-10040-exec-2] Before request [GET /api/v1/role-master-prm/read-only, client=0:0:0:0:0:0:0:1]
2022-08-03 16:02:01,604 DEBUG org.springframework.web.filter.CommonsRequestLoggingFilter [http-nio-10040-exec-2] After request [GET /api/v1/role-master-prm/read-only, client=0:0:0:0:0:0:0:1]
2022-08-03 16:02:02,298 DEBUG org.springframework.web.filter.CommonsRequestLoggingFilter [http-nio-10040-exec-3] After request [GET /api/v1/all-module/8, client=0:0:0:0:0:0:0:1]
2022-08-03 16:02:02,338 DEBUG org.springframework.web.filter.CommonsRequestLoggingFilter [http-nio-10040-exec-4] Before request [GET /api/v1/family-head-details?start=1&limit=10&isPagination=true, client=0:0:0:0:0:0:0:1]
2022-08-03 16:02:02,526 DEBUG org.springframework.web.filter.CommonsRequestLoggingFilter [http-nio-10040-exec-4] After request [GET /api/v1/family-head-details?start=1&limit=10&isPagination=true, client=0:0:0:0:0:0:0:1]
2022-08-03 16:02:07,209 DEBUG org.springframework.web.filter.CommonsRequestLoggingFilter [http-nio-10040-exec-6] Before request [GET /api/v1/all-module/9, client=0:0:0:0:0:0:0:1]
2022-08-03 16:02:07,218 DEBUG org.springframework.web.filter.CommonsRequestLoggingFilter [http-nio-10040-exec-7] Before request [GET /api/v1/role-master-prm/read-only, client=0:0:0:0:0:0:0:1]
2022-08-03 16:02:07,573 DEBUG org.springframework.web.filter.CommonsRequestLoggingFilter [http-nio-10040-exec-7] After request [GET /api/v1/role-master-prm/read-only, client=0:0:0:0:0:0:0:1]
2022-08-03 16:02:08,263 DEBUG org.springframework.web.filter.CommonsRequestLoggingFilter [http-nio-10040-exec-6] After request [GET /api/v1/all-module/9, client=0:0:0:0:0:0:0:1]
2022-08-03 16:02:08,312 DEBUG org.springframework.web.filter.CommonsRequestLoggingFilter [http-nio-10040-exec-8] Before request [GET /api/v1/family-head-details, client=0:0:0:0:0:0:0:1]
2022-08-03 16:02:08,330 DEBUG org.springframework.web.filter.CommonsRequestLoggingFilter [http-nio-10040-exec-3] Before request [GET /api/v1/family-member-details?start=1&limit=10&isPagination=true, client=0:0:0:0:0:0:0:1]
2022-08-03 16:02:08,499 DEBUG org.springframework.web.filter.CommonsRequestLoggingFilter [http-nio-10040-exec-8] After request [GET /api/v1/family-head-details, client=0:0:0:0:0:0:0:1]
2022-08-03 16:02:08,734 DEBUG org.springframework.web.filter.CommonsRequestLoggingFilter [http-nio-10040-exec-3] After request [GET /api/v1/family-member-details?start=1&limit=10&isPagination=true, client=0:0:0:0:0:0:0:1]
2022-08-03 16:04:08,577 DEBUG org.springframework.web.filter.CommonsRequestLoggingFilter [http-nio-10040-exec-5] Before request [POST /api/v1/family-member-details, client=0:0:0:0:0:0:0:1]
2022-08-03 16:04:09,896 DEBUG org.springframework.web.filter.CommonsRequestLoggingFilter [http-nio-10040-exec-5] After request [POST /api/v1/family-member-details, client=0:0:0:0:0:0:0:1, payload={"name":"haris","age":"23","gender":"male","addres]
2022-08-03 16:04:09,911 DEBUG org.springframework.web.filter.CommonsRequestLoggingFilter [http-nio-10040-exec-7] Before request [GET /api/v1/family-member-details?start=1&limit=10&isPagination=true, client=0:0:0:0:0:0:0:1]
2022-08-03 16:04:10,275 DEBUG org.springframework.web.filter.CommonsRequestLoggingFilter [http-nio-10040-exec-7] After request [GET /api/v1/family-member-details?start=1&limit=10&isPagination=true, client=0:0:0:0:0:0:0:1]
2022-08-03 16:04:29,911 DEBUG org.springframework.web.filter.CommonsRequestLoggingFilter [http-nio-10040-exec-1] Before request [GET /api/v1/all-module/8, client=0:0:0:0:0:0:0:1]
2022-08-03 16:04:29,922 DEBUG org.springframework.web.filter.CommonsRequestLoggingFilter [http-nio-10040-exec-8] Before request [GET /api/v1/role-master-prm/read-only, client=0:0:0:0:0:0:0:1]
2022-08-03 16:04:30,279 DEBUG org.springframework.web.filter.CommonsRequestLoggingFilter [http-nio-10040-exec-8] After request [GET /api/v1/role-master-prm/read-only, client=0:0:0:0:0:0:0:1]
2022-08-03 16:04:30,960 DEBUG org.springframework.web.filter.CommonsRequestLoggingFilter [http-nio-10040-exec-1] After request [GET /api/v1/all-module/8, client=0:0:0:0:0:0:0:1]
2022-08-03 16:04:30,997 DEBUG org.springframework.web.filter.CommonsRequestLoggingFilter [http-nio-10040-exec-4] Before request [GET /api/v1/family-head-details?start=1&limit=10&isPagination=true, client=0:0:0:0:0:0:0:1]
2022-08-03 16:04:31,179 DEBUG org.springframework.web.filter.CommonsRequestLoggingFilter [http-nio-10040-exec-4] After request [GET /api/v1/family-head-details?start=1&limit=10&isPagination=true, client=0:0:0:0:0:0:0:1]
2022-08-03 16:05:13,613 DEBUG org.springframework.web.filter.CommonsRequestLoggingFilter [http-nio-10040-exec-5] Before request [POST /api/v1/family-head-details, client=0:0:0:0:0:0:0:1]
2022-08-03 16:05:14,668 DEBUG org.springframework.web.filter.CommonsRequestLoggingFilter [http-nio-10040-exec-5] After request [POST /api/v1/family-head-details, client=0:0:0:0:0:0:0:1, payload={"name":"mohamed","aliasName":"mohamed","date":"20]
2022-08-03 16:05:14,686 DEBUG org.springframework.web.filter.CommonsRequestLoggingFilter [http-nio-10040-exec-7] Before request [GET /api/v1/family-head-details?start=1&limit=10&isPagination=true, client=0:0:0:0:0:0:0:1]
2022-08-03 16:05:15,041 DEBUG org.springframework.web.filter.CommonsRequestLoggingFilter [http-nio-10040-exec-7] After request [GET /api/v1/family-head-details?start=1&limit=10&isPagination=true, client=0:0:0:0:0:0:0:1]
2022-08-03 16:06:10,603 DEBUG org.springframework.web.filter.CommonsRequestLoggingFilter [http-nio-10040-exec-8] Before request [GET /api/v1/role-master-prm/read-only, client=0:0:0:0:0:0:0:1]
2022-08-03 16:06:10,986 DEBUG org.springframework.web.filter.CommonsRequestLoggingFilter [http-nio-10040-exec-8] After request [GET /api/v1/role-master-prm/read-only, client=0:0:0:0:0:0:0:1]
2022-08-03 16:06:36,292 DEBUG org.springframework.web.filter.CommonsRequestLoggingFilter [http-nio-10040-exec-3] Before request [GET /api/v1/all-module/11, client=0:0:0:0:0:0:0:1]
2022-08-03 16:06:36,308 DEBUG org.springframework.web.filter.CommonsRequestLoggingFilter [http-nio-10040-exec-10] Before request [GET /api/v1/role-master-prm/read-only, client=0:0:0:0:0:0:0:1]
2022-08-03 16:06:36,672 DEBUG org.springframework.web.filter.CommonsRequestLoggingFilter [http-nio-10040-exec-10] After request [GET /api/v1/role-master-prm/read-only, client=0:0:0:0:0:0:0:1]
2022-08-03 16:06:37,362 DEBUG org.springframework.web.filter.CommonsRequestLoggingFilter [http-nio-10040-exec-3] After request [GET /api/v1/all-module/11, client=0:0:0:0:0:0:0:1]
2022-08-03 16:06:37,372 DEBUG org.springframework.web.filter.CommonsRequestLoggingFilter [http-nio-10040-exec-9] Before request [GET /api/v1, client=0:0:0:0:0:0:0:1]
2022-08-03 16:06:37,380 DEBUG org.springframework.web.filter.CommonsRequestLoggingFilter [http-nio-10040-exec-9] After request [GET /api/v1, client=0:0:0:0:0:0:0:1]
2022-08-03 16:06:37,426 DEBUG org.springframework.web.filter.CommonsRequestLoggingFilter [http-nio-10040-exec-6] Before request [GET /api/v1/subscription-entry?start=1&limit=10&isPagination=true, client=0:0:0:0:0:0:0:1]
2022-08-03 16:06:37,774 DEBUG org.springframework.web.filter.CommonsRequestLoggingFilter [http-nio-10040-exec-6] After request [GET /api/v1/subscription-entry?start=1&limit=10&isPagination=true, client=0:0:0:0:0:0:0:1]
2022-08-03 16:06:58,996 DEBUG org.springframework.web.filter.CommonsRequestLoggingFilter [http-nio-10040-exec-8] Before request [GET /api/v1/all-module/4, client=0:0:0:0:0:0:0:1]
2022-08-03 16:06:59,002 DEBUG org.springframework.web.filter.CommonsRequestLoggingFilter [http-nio-10040-exec-4] Before request [GET /api/v1/role-master-prm/read-only, client=0:0:0:0:0:0:0:1]
2022-08-03 16:06:59,604 DEBUG org.springframework.web.filter.CommonsRequestLoggingFilter [http-nio-10040-exec-4] After request [GET /api/v1/role-master-prm/read-only, client=0:0:0:0:0:0:0:1]
2022-08-03 16:07:00,314 DEBUG org.springframework.web.filter.CommonsRequestLoggingFilter [http-nio-10040-exec-8] After request [GET /api/v1/all-module/4, client=0:0:0:0:0:0:0:1]
2022-08-03 16:07:00,337 DEBUG org.springframework.web.filter.CommonsRequestLoggingFilter [http-nio-10040-exec-3] Before request [GET /api/v1/page-master/parent, client=0:0:0:0:0:0:0:1]
2022-08-03 16:07:00,377 DEBUG org.springframework.web.filter.CommonsRequestLoggingFilter [http-nio-10040-exec-9] Before request [GET /api/v1/page-master?isPagination=false, client=0:0:0:0:0:0:0:1]
2022-08-03 16:07:00,524 DEBUG org.springframework.web.filter.CommonsRequestLoggingFilter [http-nio-10040-exec-3] After request [GET /api/v1/page-master/parent, client=0:0:0:0:0:0:0:1]
2022-08-03 16:07:00,740 DEBUG org.springframework.web.filter.CommonsRequestLoggingFilter [http-nio-10040-exec-9] After request [GET /api/v1/page-master?isPagination=false, client=0:0:0:0:0:0:0:1]
2022-08-03 16:07:02,925 DEBUG org.springframework.web.filter.CommonsRequestLoggingFilter [http-nio-10040-exec-6] Before request [GET /api/v1/form-data/11, client=0:0:0:0:0:0:0:1]
2022-08-03 16:07:02,945 DEBUG org.springframework.web.filter.CommonsRequestLoggingFilter [http-nio-10040-exec-2] Before request [GET /api/v1/role-master-prm/read-only, client=0:0:0:0:0:0:0:1]
2022-08-03 16:07:03,303 DEBUG org.springframework.web.filter.CommonsRequestLoggingFilter [http-nio-10040-exec-6] After request [GET /api/v1/form-data/11, client=0:0:0:0:0:0:0:1]
2022-08-03 16:07:03,318 DEBUG org.springframework.web.filter.CommonsRequestLoggingFilter [http-nio-10040-exec-2] After request [GET /api/v1/role-master-prm/read-only, client=0:0:0:0:0:0:0:1]
2022-08-03 16:07:03,326 DEBUG org.springframework.web.filter.CommonsRequestLoggingFilter [http-nio-10040-exec-4] Before request [GET /api/v1, client=0:0:0:0:0:0:0:1]
2022-08-03 16:07:03,335 DEBUG org.springframework.web.filter.CommonsRequestLoggingFilter [http-nio-10040-exec-4] After request [GET /api/v1, client=0:0:0:0:0:0:0:1]
2022-08-03 16:07:21,752 DEBUG org.springframework.web.filter.CommonsRequestLoggingFilter [http-nio-10040-exec-10] Before request [GET /api/v1/family-head-details, client=0:0:0:0:0:0:0:1]
2022-08-03 16:07:22,622 DEBUG org.springframework.web.filter.CommonsRequestLoggingFilter [http-nio-10040-exec-10] After request [GET /api/v1/family-head-details, client=0:0:0:0:0:0:0:1]
2022-08-03 16:07:52,661 DEBUG org.springframework.web.filter.CommonsRequestLoggingFilter [http-nio-10040-exec-3] Before request [POST /api/v1/form-data, client=0:0:0:0:0:0:0:1]
2022-08-03 16:08:57,936 DEBUG org.springframework.web.filter.CommonsRequestLoggingFilter [http-nio-10040-exec-3] After request [POST /api/v1/form-data, client=0:0:0:0:0:0:0:1, payload=[{"header":"FormId","liNo":1,"pageMasterId":"11","]
2022-08-03 16:08:59,399 DEBUG org.springframework.web.filter.CommonsRequestLoggingFilter [http-nio-10040-exec-6] Before request [GET /api/v1/all-module/4, client=0:0:0:0:0:0:0:1]
2022-08-03 16:08:59,448 DEBUG org.springframework.web.filter.CommonsRequestLoggingFilter [http-nio-10040-exec-1] Before request [GET /api/v1/role-master-prm/read-only, client=0:0:0:0:0:0:0:1]
2022-08-03 16:08:59,812 DEBUG org.springframework.web.filter.CommonsRequestLoggingFilter [http-nio-10040-exec-1] After request [GET /api/v1/role-master-prm/read-only, client=0:0:0:0:0:0:0:1]
2022-08-03 16:09:00,463 DEBUG org.springframework.web.filter.CommonsRequestLoggingFilter [http-nio-10040-exec-6] After request [GET /api/v1/all-module/4, client=0:0:0:0:0:0:0:1]
2022-08-03 16:09:00,491 DEBUG org.springframework.web.filter.CommonsRequestLoggingFilter [http-nio-10040-exec-8] Before request [GET /api/v1/page-master/parent, client=0:0:0:0:0:0:0:1]
2022-08-03 16:09:00,590 DEBUG org.springframework.web.filter.CommonsRequestLoggingFilter [http-nio-10040-exec-5] Before request [GET /api/v1/page-master?isPagination=false, client=0:0:0:0:0:0:0:1]
2022-08-03 16:09:00,779 DEBUG org.springframework.web.filter.CommonsRequestLoggingFilter [http-nio-10040-exec-5] After request [GET /api/v1/page-master?isPagination=false, client=0:0:0:0:0:0:0:1]
2022-08-03 16:09:00,845 DEBUG org.springframework.web.filter.CommonsRequestLoggingFilter [http-nio-10040-exec-8] After request [GET /api/v1/page-master/parent, client=0:0:0:0:0:0:0:1]
2022-08-03 16:09:06,158 DEBUG org.springframework.web.filter.CommonsRequestLoggingFilter [http-nio-10040-exec-2] Before request [GET /api/v1/all-module/2, client=0:0:0:0:0:0:0:1]
2022-08-03 16:09:06,161 DEBUG org.springframework.web.filter.CommonsRequestLoggingFilter [http-nio-10040-exec-7] Before request [GET /api/v1/role-master-prm/read-only, client=0:0:0:0:0:0:0:1]
2022-08-03 16:09:06,528 DEBUG org.springframework.web.filter.CommonsRequestLoggingFilter [http-nio-10040-exec-7] After request [GET /api/v1/role-master-prm/read-only, client=0:0:0:0:0:0:0:1]
2022-08-03 16:09:07,219 DEBUG org.springframework.web.filter.CommonsRequestLoggingFilter [http-nio-10040-exec-2] After request [GET /api/v1/all-module/2, client=0:0:0:0:0:0:0:1]
2022-08-03 16:09:07,254 DEBUG org.springframework.web.filter.CommonsRequestLoggingFilter [http-nio-10040-exec-6] Before request [GET /api/v1/role-master, client=0:0:0:0:0:0:0:1]
2022-08-03 16:09:07,273 DEBUG org.springframework.web.filter.CommonsRequestLoggingFilter [http-nio-10040-exec-10] Before request [GET /api/v1/user-master?isPagination=false, client=0:0:0:0:0:0:0:1]
2022-08-03 16:09:07,437 DEBUG org.springframework.web.filter.CommonsRequestLoggingFilter [http-nio-10040-exec-6] After request [GET /api/v1/role-master, client=0:0:0:0:0:0:0:1]
2022-08-03 16:09:07,623 DEBUG org.springframework.web.filter.CommonsRequestLoggingFilter [http-nio-10040-exec-10] After request [GET /api/v1/user-master?isPagination=false, client=0:0:0:0:0:0:0:1]
2022-08-03 16:09:10,430 DEBUG org.springframework.web.filter.CommonsRequestLoggingFilter [http-nio-10040-exec-8] Before request [GET /api/v1/all-module/5, client=0:0:0:0:0:0:0:1]
2022-08-03 16:09:10,435 DEBUG org.springframework.web.filter.CommonsRequestLoggingFilter [http-nio-10040-exec-9] Before request [GET /api/v1/role-master-prm/read-only, client=0:0:0:0:0:0:0:1]
2022-08-03 16:09:10,786 DEBUG org.springframework.web.filter.CommonsRequestLoggingFilter [http-nio-10040-exec-9] After request [GET /api/v1/role-master-prm/read-only, client=0:0:0:0:0:0:0:1]
2022-08-03 16:09:11,480 DEBUG org.springframework.web.filter.CommonsRequestLoggingFilter [http-nio-10040-exec-8] After request [GET /api/v1/all-module/5, client=0:0:0:0:0:0:0:1]
2022-08-03 16:09:11,522 DEBUG org.springframework.web.filter.CommonsRequestLoggingFilter [http-nio-10040-exec-7] Before request [GET /api/v1/role-master?isPagination=false, client=0:0:0:0:0:0:0:1]
2022-08-03 16:09:12,551 DEBUG org.springframework.web.filter.CommonsRequestLoggingFilter [http-nio-10040-exec-7] After request [GET /api/v1/role-master?isPagination=false, client=0:0:0:0:0:0:0:1]
2022-08-03 16:09:18,413 DEBUG org.springframework.web.filter.CommonsRequestLoggingFilter [http-nio-10040-exec-1] Before request [PUT /api/v1/role-master, client=0:0:0:0:0:0:0:1]
2022-08-03 16:09:18,426 DEBUG org.springframework.web.filter.CommonsRequestLoggingFilter [http-nio-10040-exec-1] After request [PUT /api/v1/role-master, client=0:0:0:0:0:0:0:1]
2022-08-03 16:09:22,703 DEBUG org.springframework.web.filter.CommonsRequestLoggingFilter [http-nio-10040-exec-5] Before request [GET /api/v1/role-master-prm/read-only, client=0:0:0:0:0:0:0:1]
2022-08-03 16:09:22,704 DEBUG org.springframework.web.filter.CommonsRequestLoggingFilter [http-nio-10040-exec-10] Before request [GET /api/v1/all-module/8, client=0:0:0:0:0:0:0:1]
2022-08-03 16:09:23,057 DEBUG org.springframework.web.filter.CommonsRequestLoggingFilter [http-nio-10040-exec-5] After request [GET /api/v1/role-master-prm/read-only, client=0:0:0:0:0:0:0:1]
2022-08-03 16:09:23,753 DEBUG org.springframework.web.filter.CommonsRequestLoggingFilter [http-nio-10040-exec-10] After request [GET /api/v1/all-module/8, client=0:0:0:0:0:0:0:1]
2022-08-03 16:09:23,802 DEBUG org.springframework.web.filter.CommonsRequestLoggingFilter [http-nio-10040-exec-8] Before request [GET /api/v1/family-head-details?start=1&limit=10&isPagination=true, client=0:0:0:0:0:0:0:1]
2022-08-03 16:09:23,986 DEBUG org.springframework.web.filter.CommonsRequestLoggingFilter [http-nio-10040-exec-8] After request [GET /api/v1/family-head-details?start=1&limit=10&isPagination=true, client=0:0:0:0:0:0:0:1]
2022-08-03 16:09:39,460 DEBUG org.springframework.web.filter.CommonsRequestLoggingFilter [http-nio-10040-exec-7] Before request [GET /api/v1/all-module/11, client=0:0:0:0:0:0:0:1]
2022-08-03 16:09:39,465 DEBUG org.springframework.web.filter.CommonsRequestLoggingFilter [http-nio-10040-exec-1] Before request [GET /api/v1/role-master-prm/read-only, client=0:0:0:0:0:0:0:1]
2022-08-03 16:09:39,820 DEBUG org.springframework.web.filter.CommonsRequestLoggingFilter [http-nio-10040-exec-1] After request [GET /api/v1/role-master-prm/read-only, client=0:0:0:0:0:0:0:1]
2022-08-03 16:09:40,515 DEBUG org.springframework.web.filter.CommonsRequestLoggingFilter [http-nio-10040-exec-7] After request [GET /api/v1/all-module/11, client=0:0:0:0:0:0:0:1]
2022-08-03 16:09:40,525 DEBUG org.springframework.web.filter.CommonsRequestLoggingFilter [http-nio-10040-exec-6] Before request [GET /api/v1/family-head-details, client=0:0:0:0:0:0:0:1]
2022-08-03 16:09:40,617 DEBUG org.springframework.web.filter.CommonsRequestLoggingFilter [http-nio-10040-exec-10] Before request [GET /api/v1/subscription-entry?start=1&limit=10&isPagination=true, client=0:0:0:0:0:0:0:1]
2022-08-03 16:09:40,798 DEBUG org.springframework.web.filter.CommonsRequestLoggingFilter [http-nio-10040-exec-10] After request [GET /api/v1/subscription-entry?start=1&limit=10&isPagination=true, client=0:0:0:0:0:0:0:1]
2022-08-03 16:09:40,873 DEBUG org.springframework.web.filter.CommonsRequestLoggingFilter [http-nio-10040-exec-6] After request [GET /api/v1/family-head-details, client=0:0:0:0:0:0:0:1]
2022-08-03 16:10:16,654 DEBUG org.springframework.web.filter.CommonsRequestLoggingFilter [http-nio-10040-exec-2] Before request [POST /api/v1/subscription-entry, client=0:0:0:0:0:0:0:1]
2022-08-03 16:10:18,273 DEBUG org.springframework.web.filter.CommonsRequestLoggingFilter [http-nio-10040-exec-2] After request [POST /api/v1/subscription-entry, client=0:0:0:0:0:0:0:1, payload={"familyId":1,"receiptId":"001","name":"Ashik","ad]
2022-08-03 16:10:18,293 DEBUG org.springframework.web.filter.CommonsRequestLoggingFilter [http-nio-10040-exec-7] Before request [GET /api/v1/subscription-entry?start=1&limit=10&isPagination=true, client=0:0:0:0:0:0:0:1]
2022-08-03 16:10:18,685 DEBUG org.springframework.web.filter.CommonsRequestLoggingFilter [http-nio-10040-exec-7] After request [GET /api/v1/subscription-entry?start=1&limit=10&isPagination=true, client=0:0:0:0:0:0:0:1]
2022-08-03 16:10:25,077 DEBUG org.springframework.web.filter.CommonsRequestLoggingFilter [http-nio-10040-exec-10] Before request [GET /api/v1/all-module/4, client=0:0:0:0:0:0:0:1]
2022-08-03 16:10:25,077 DEBUG org.springframework.web.filter.CommonsRequestLoggingFilter [http-nio-10040-exec-6] Before request [GET /api/v1/role-master-prm/read-only, client=0:0:0:0:0:0:0:1]
2022-08-03 16:10:25,578 DEBUG org.springframework.web.filter.CommonsRequestLoggingFilter [http-nio-10040-exec-6] After request [GET /api/v1/role-master-prm/read-only, client=0:0:0:0:0:0:0:1]
2022-08-03 16:10:26,227 DEBUG org.springframework.web.filter.CommonsRequestLoggingFilter [http-nio-10040-exec-10] After request [GET /api/v1/all-module/4, client=0:0:0:0:0:0:0:1]
2022-08-03 16:10:26,287 DEBUG org.springframework.web.filter.CommonsRequestLoggingFilter [http-nio-10040-exec-8] Before request [GET /api/v1/page-master/parent, client=0:0:0:0:0:0:0:1]
2022-08-03 16:10:26,321 DEBUG org.springframework.web.filter.CommonsRequestLoggingFilter [http-nio-10040-exec-2] Before request [GET /api/v1/page-master?isPagination=false, client=0:0:0:0:0:0:0:1]
2022-08-03 16:10:26,481 DEBUG org.springframework.web.filter.CommonsRequestLoggingFilter [http-nio-10040-exec-8] After request [GET /api/v1/page-master/parent, client=0:0:0:0:0:0:0:1]
2022-08-03 16:10:26,678 DEBUG org.springframework.web.filter.CommonsRequestLoggingFilter [http-nio-10040-exec-2] After request [GET /api/v1/page-master?isPagination=false, client=0:0:0:0:0:0:0:1]
2022-08-03 16:10:28,935 DEBUG org.springframework.web.filter.CommonsRequestLoggingFilter [http-nio-10040-exec-7] Before request [GET /api/v1/form-data/11, client=0:0:0:0:0:0:0:1]
2022-08-03 16:10:28,943 DEBUG org.springframework.web.filter.CommonsRequestLoggingFilter [http-nio-10040-exec-4] Before request [GET /api/v1/role-master-prm/read-only, client=0:0:0:0:0:0:0:1]
2022-08-03 16:10:29,309 DEBUG org.springframework.web.filter.CommonsRequestLoggingFilter [http-nio-10040-exec-7] After request [GET /api/v1/form-data/11, client=0:0:0:0:0:0:0:1]
2022-08-03 16:10:29,323 DEBUG org.springframework.web.filter.CommonsRequestLoggingFilter [http-nio-10040-exec-6] Before request [GET /api/v1/family-head-details, client=0:0:0:0:0:0:0:1]
2022-08-03 16:10:29,519 DEBUG org.springframework.web.filter.CommonsRequestLoggingFilter [http-nio-10040-exec-6] After request [GET /api/v1/family-head-details, client=0:0:0:0:0:0:0:1]
2022-08-03 16:10:34,301 DEBUG org.springframework.web.filter.CommonsRequestLoggingFilter [http-nio-10040-exec-4] After request [GET /api/v1/role-master-prm/read-only, client=0:0:0:0:0:0:0:1]
2022-08-03 16:10:48,794 DEBUG org.springframework.web.filter.CommonsRequestLoggingFilter [http-nio-10040-exec-9] Before request [POST /api/v1/form-data, client=0:0:0:0:0:0:0:1]
2022-08-03 16:11:53,336 DEBUG org.springframework.web.filter.CommonsRequestLoggingFilter [http-nio-10040-exec-9] After request [POST /api/v1/form-data, client=0:0:0:0:0:0:0:1, payload=[{"header":"Fieldname","liNo":1,"pageMasterId":"11]
2022-08-03 16:11:54,363 DEBUG org.springframework.web.filter.CommonsRequestLoggingFilter [http-nio-10040-exec-2] Before request [GET /api/v1/all-module/4, client=0:0:0:0:0:0:0:1]
2022-08-03 16:11:54,368 DEBUG org.springframework.web.filter.CommonsRequestLoggingFilter [http-nio-10040-exec-7] Before request [GET /api/v1/role-master-prm/read-only, client=0:0:0:0:0:0:0:1]
2022-08-03 16:11:54,739 DEBUG org.springframework.web.filter.CommonsRequestLoggingFilter [http-nio-10040-exec-7] After request [GET /api/v1/role-master-prm/read-only, client=0:0:0:0:0:0:0:1]
2022-08-03 16:11:55,410 DEBUG org.springframework.web.filter.CommonsRequestLoggingFilter [http-nio-10040-exec-2] After request [GET /api/v1/all-module/4, client=0:0:0:0:0:0:0:1]
2022-08-03 16:11:55,420 DEBUG org.springframework.web.filter.CommonsRequestLoggingFilter [http-nio-10040-exec-6] Before request [GET /api/v1/page-master/parent, client=0:0:0:0:0:0:0:1]
2022-08-03 16:11:55,451 DEBUG org.springframework.web.filter.CommonsRequestLoggingFilter [http-nio-10040-exec-10] Before request [GET /api/v1/page-master?isPagination=false, client=0:0:0:0:0:0:0:1]
2022-08-03 16:11:55,606 DEBUG org.springframework.web.filter.CommonsRequestLoggingFilter [http-nio-10040-exec-6] After request [GET /api/v1/page-master/parent, client=0:0:0:0:0:0:0:1]
2022-08-03 16:11:55,823 DEBUG org.springframework.web.filter.CommonsRequestLoggingFilter [http-nio-10040-exec-10] After request [GET /api/v1/page-master?isPagination=false, client=0:0:0:0:0:0:0:1]
2022-08-03 16:12:10,013 DEBUG org.springframework.web.filter.CommonsRequestLoggingFilter [http-nio-10040-exec-9] Before request [GET /api/v1/all-module/11, client=0:0:0:0:0:0:0:1]
2022-08-03 16:12:10,022 DEBUG org.springframework.web.filter.CommonsRequestLoggingFilter [http-nio-10040-exec-1] Before request [GET /api/v1/role-master-prm/read-only, client=0:0:0:0:0:0:0:1]
2022-08-03 16:12:10,384 DEBUG org.springframework.web.filter.CommonsRequestLoggingFilter [http-nio-10040-exec-1] After request [GET /api/v1/role-master-prm/read-only, client=0:0:0:0:0:0:0:1]
2022-08-03 16:12:11,055 DEBUG org.springframework.web.filter.CommonsRequestLoggingFilter [http-nio-10040-exec-9] After request [GET /api/v1/all-module/11, client=0:0:0:0:0:0:0:1]
2022-08-03 16:12:11,078 DEBUG org.springframework.web.filter.CommonsRequestLoggingFilter [http-nio-10040-exec-2] Before request [GET /api/v1/family-head-details, client=0:0:0:0:0:0:0:1]
2022-08-03 16:12:11,128 DEBUG org.springframework.web.filter.CommonsRequestLoggingFilter [http-nio-10040-exec-4] Before request [GET /api/v1/subscription-entry?start=1&limit=10&isPagination=true, client=0:0:0:0:0:0:0:1]
2022-08-03 16:12:11,260 DEBUG org.springframework.web.filter.CommonsRequestLoggingFilter [http-nio-10040-exec-2] After request [GET /api/v1/family-head-details, client=0:0:0:0:0:0:0:1]
2022-08-03 16:12:11,490 DEBUG org.springframework.web.filter.CommonsRequestLoggingFilter [http-nio-10040-exec-4] After request [GET /api/v1/subscription-entry?start=1&limit=10&isPagination=true, client=0:0:0:0:0:0:0:1]
2022-08-03 16:15:43,565 DEBUG org.springframework.web.filter.CommonsRequestLoggingFilter [http-nio-10040-exec-8] Before request [GET /api/v1/all-module/8, client=0:0:0:0:0:0:0:1]
2022-08-03 16:15:43,571 DEBUG org.springframework.web.filter.CommonsRequestLoggingFilter [http-nio-10040-exec-9] Before request [GET /api/v1/role-master-prm/read-only, client=0:0:0:0:0:0:0:1]
2022-08-03 16:15:43,935 DEBUG org.springframework.web.filter.CommonsRequestLoggingFilter [http-nio-10040-exec-9] After request [GET /api/v1/role-master-prm/read-only, client=0:0:0:0:0:0:0:1]
2022-08-03 16:15:44,630 DEBUG org.springframework.web.filter.CommonsRequestLoggingFilter [http-nio-10040-exec-8] After request [GET /api/v1/all-module/8, client=0:0:0:0:0:0:0:1]
2022-08-03 16:15:44,676 DEBUG org.springframework.web.filter.CommonsRequestLoggingFilter [http-nio-10040-exec-5] Before request [GET /api/v1/family-head-details?start=1&limit=10&isPagination=true, client=0:0:0:0:0:0:0:1]
2022-08-03 16:15:44,863 DEBUG org.springframework.web.filter.CommonsRequestLoggingFilter [http-nio-10040-exec-5] After request [GET /api/v1/family-head-details?start=1&limit=10&isPagination=true, client=0:0:0:0:0:0:0:1]
2022-08-03 16:15:50,438 DEBUG org.springframework.web.filter.CommonsRequestLoggingFilter [http-nio-10040-exec-4] Before request [GET /api/v1/all-module/11, client=0:0:0:0:0:0:0:1]
2022-08-03 16:15:50,446 DEBUG org.springframework.web.filter.CommonsRequestLoggingFilter [http-nio-10040-exec-6] Before request [GET /api/v1/role-master-prm/read-only, client=0:0:0:0:0:0:0:1]
2022-08-03 16:15:50,803 DEBUG org.springframework.web.filter.CommonsRequestLoggingFilter [http-nio-10040-exec-6] After request [GET /api/v1/role-master-prm/read-only, client=0:0:0:0:0:0:0:1]
2022-08-03 16:15:51,529 DEBUG org.springframework.web.filter.CommonsRequestLoggingFilter [http-nio-10040-exec-4] After request [GET /api/v1/all-module/11, client=0:0:0:0:0:0:0:1]
2022-08-03 16:15:51,552 DEBUG org.springframework.web.filter.CommonsRequestLoggingFilter [http-nio-10040-exec-1] Before request [GET /api/v1/family-head-details, client=0:0:0:0:0:0:0:1]
2022-08-03 16:15:51,592 DEBUG org.springframework.web.filter.CommonsRequestLoggingFilter [http-nio-10040-exec-8] Before request [GET /api/v1/subscription-entry?start=1&limit=10&isPagination=true, client=0:0:0:0:0:0:0:1]
2022-08-03 16:15:51,739 DEBUG org.springframework.web.filter.CommonsRequestLoggingFilter [http-nio-10040-exec-1] After request [GET /api/v1/family-head-details, client=0:0:0:0:0:0:0:1]
2022-08-03 16:15:51,949 DEBUG org.springframework.web.filter.CommonsRequestLoggingFilter [http-nio-10040-exec-8] After request [GET /api/v1/subscription-entry?start=1&limit=10&isPagination=true, client=0:0:0:0:0:0:0:1]
2022-08-03 16:16:25,857 DEBUG org.springframework.web.filter.CommonsRequestLoggingFilter [http-nio-10040-exec-5] Before request [POST /api/v1/subscription-entry, client=0:0:0:0:0:0:0:1]
2022-08-03 16:16:27,059 DEBUG org.springframework.web.filter.CommonsRequestLoggingFilter [http-nio-10040-exec-5] After request [POST /api/v1/subscription-entry, client=0:0:0:0:0:0:0:1, payload={"familyId":3,"receiptId":"2","name":"test","addre]
2022-08-03 16:16:27,081 DEBUG org.springframework.web.filter.CommonsRequestLoggingFilter [http-nio-10040-exec-10] Before request [GET /api/v1/subscription-entry?start=1&limit=10&isPagination=true, client=0:0:0:0:0:0:0:1]
2022-08-03 16:16:27,450 DEBUG org.springframework.web.filter.CommonsRequestLoggingFilter [http-nio-10040-exec-10] After request [GET /api/v1/subscription-entry?start=1&limit=10&isPagination=true, client=0:0:0:0:0:0:0:1]
2022-08-03 16:18:32,589 DEBUG org.springframework.web.filter.CommonsRequestLoggingFilter [http-nio-10040-exec-9] Before request [GET /api/v1/all-module/5, client=0:0:0:0:0:0:0:1]
2022-08-03 16:18:32,604 DEBUG org.springframework.web.filter.CommonsRequestLoggingFilter [http-nio-10040-exec-8] Before request [GET /api/v1/role-master-prm/read-only, client=0:0:0:0:0:0:0:1]
2022-08-03 16:18:32,968 DEBUG org.springframework.web.filter.CommonsRequestLoggingFilter [http-nio-10040-exec-8] After request [GET /api/v1/role-master-prm/read-only, client=0:0:0:0:0:0:0:1]
2022-08-03 16:18:33,730 DEBUG org.springframework.web.filter.CommonsRequestLoggingFilter [http-nio-10040-exec-9] After request [GET /api/v1/all-module/5, client=0:0:0:0:0:0:0:1]
2022-08-03 16:18:33,764 DEBUG org.springframework.web.filter.CommonsRequestLoggingFilter [http-nio-10040-exec-5] Before request [GET /api/v1/role-master?isPagination=false, client=0:0:0:0:0:0:0:1]
2022-08-03 16:18:34,997 DEBUG org.springframework.web.filter.CommonsRequestLoggingFilter [http-nio-10040-exec-5] After request [GET /api/v1/role-master?isPagination=false, client=0:0:0:0:0:0:0:1]
2022-08-03 16:18:48,097 DEBUG org.springframework.web.filter.CommonsRequestLoggingFilter [http-nio-10040-exec-10] Before request [GET /api/v1/role-master-prm/1, client=0:0:0:0:0:0:0:1]
2022-08-03 16:18:48,110 DEBUG org.springframework.web.filter.CommonsRequestLoggingFilter [http-nio-10040-exec-4] Before request [GET /api/v1/role-master-prm/read-only, client=0:0:0:0:0:0:0:1]
2022-08-03 16:18:48,498 DEBUG org.springframework.web.filter.CommonsRequestLoggingFilter [http-nio-10040-exec-4] After request [GET /api/v1/role-master-prm/read-only, client=0:0:0:0:0:0:0:1]
2022-08-03 16:18:48,508 DEBUG org.springframework.web.filter.CommonsRequestLoggingFilter [http-nio-10040-exec-10] After request [GET /api/v1/role-master-prm/1, client=0:0:0:0:0:0:0:1]
2022-08-03 17:11:46,313 DEBUG org.springframework.web.filter.CommonsRequestLoggingFilter [http-nio-10040-exec-9] Before request [GET /api/v1/all-module/5, client=0:0:0:0:0:0:0:1]
2022-08-03 17:11:46,333 DEBUG org.springframework.web.filter.CommonsRequestLoggingFilter [http-nio-10040-exec-5] Before request [GET /api/v1/role-master-prm/read-only, client=0:0:0:0:0:0:0:1]
2022-08-03 17:11:46,724 DEBUG org.springframework.web.filter.CommonsRequestLoggingFilter [http-nio-10040-exec-5] After request [GET /api/v1/role-master-prm/read-only, client=0:0:0:0:0:0:0:1]
2022-08-03 17:11:47,390 DEBUG org.springframework.web.filter.CommonsRequestLoggingFilter [http-nio-10040-exec-9] After request [GET /api/v1/all-module/5, client=0:0:0:0:0:0:0:1]
2022-08-03 17:11:47,412 DEBUG org.springframework.web.filter.CommonsRequestLoggingFilter [http-nio-10040-exec-6] Before request [GET /api/v1/role-master?isPagination=false, client=0:0:0:0:0:0:0:1]
2022-08-03 17:11:48,442 DEBUG org.springframework.web.filter.CommonsRequestLoggingFilter [http-nio-10040-exec-6] After request [GET /api/v1/role-master?isPagination=false, client=0:0:0:0:0:0:0:1]
2022-08-03 17:18:31,551 DEBUG org.springframework.web.filter.CommonsRequestLoggingFilter [http-nio-10040-exec-7] Before request [GET /api/v1/role-master-prm/read-only, client=0:0:0:0:0:0:0:1]
2022-08-03 17:18:31,551 DEBUG org.springframework.web.filter.CommonsRequestLoggingFilter [http-nio-10040-exec-8] Before request [GET /api/v1/all-module/9, client=0:0:0:0:0:0:0:1]
2022-08-03 17:18:38,887 DEBUG org.springframework.web.filter.CommonsRequestLoggingFilter [http-nio-10040-exec-8] After request [GET /api/v1/all-module/9, client=0:0:0:0:0:0:0:1]
2022-08-03 17:18:38,926 DEBUG org.springframework.web.filter.CommonsRequestLoggingFilter [http-nio-10040-exec-9] Before request [GET /api/v1/family-head-details, client=0:0:0:0:0:0:0:1]
2022-08-03 17:18:38,943 DEBUG org.springframework.web.filter.CommonsRequestLoggingFilter [http-nio-10040-exec-6] Before request [GET /api/v1/family-member-details?start=1&limit=10&isPagination=true, client=0:0:0:0:0:0:0:1]
2022-08-03 17:18:39,122 DEBUG org.springframework.web.filter.CommonsRequestLoggingFilter [http-nio-10040-exec-9] After request [GET /api/v1/family-head-details, client=0:0:0:0:0:0:0:1]
2022-08-03 17:18:39,306 DEBUG org.springframework.web.filter.CommonsRequestLoggingFilter [http-nio-10040-exec-6] After request [GET /api/v1/family-member-details?start=1&limit=10&isPagination=true, client=0:0:0:0:0:0:0:1]
2022-08-03 17:18:41,948 DEBUG org.springframework.web.filter.CommonsRequestLoggingFilter [http-nio-10040-exec-7] After request [GET /api/v1/role-master-prm/read-only, client=0:0:0:0:0:0:0:1]
2022-08-03 17:25:15,701 DEBUG org.springframework.web.filter.CommonsRequestLoggingFilter [http-nio-10040-exec-8] Before request [GET /api/v1/all-module/8, client=0:0:0:0:0:0:0:1]
2022-08-03 17:25:15,709 DEBUG org.springframework.web.filter.CommonsRequestLoggingFilter [http-nio-10040-exec-2] Before request [GET /api/v1/role-master-prm/read-only, client=0:0:0:0:0:0:0:1]
2022-08-03 17:25:26,106 DEBUG org.springframework.web.filter.CommonsRequestLoggingFilter [http-nio-10040-exec-2] After request [GET /api/v1/role-master-prm/read-only, client=0:0:0:0:0:0:0:1]
2022-08-03 17:25:26,788 DEBUG org.springframework.web.filter.CommonsRequestLoggingFilter [http-nio-10040-exec-8] After request [GET /api/v1/all-module/8, client=0:0:0:0:0:0:0:1]
2022-08-03 17:25:26,826 DEBUG org.springframework.web.filter.CommonsRequestLoggingFilter [http-nio-10040-exec-6] Before request [GET /api/v1/family-head-details?start=1&limit=10&isPagination=true, client=0:0:0:0:0:0:0:1]
2022-08-03 17:25:27,005 DEBUG org.springframework.web.filter.CommonsRequestLoggingFilter [http-nio-10040-exec-6] After request [GET /api/v1/family-head-details?start=1&limit=10&isPagination=true, client=0:0:0:0:0:0:0:1]
2022-08-03 17:25:31,300 DEBUG org.springframework.web.filter.CommonsRequestLoggingFilter [http-nio-10040-exec-4] Before request [GET /api/v1/all-module/9, client=0:0:0:0:0:0:0:1]
2022-08-03 17:25:31,309 DEBUG org.springframework.web.filter.CommonsRequestLoggingFilter [http-nio-10040-exec-1] Before request [GET /api/v1/role-master-prm/read-only, client=0:0:0:0:0:0:0:1]
2022-08-03 17:25:31,673 DEBUG org.springframework.web.filter.CommonsRequestLoggingFilter [http-nio-10040-exec-1] After request [GET /api/v1/role-master-prm/read-only, client=0:0:0:0:0:0:0:1]
2022-08-03 17:25:32,359 DEBUG org.springframework.web.filter.CommonsRequestLoggingFilter [http-nio-10040-exec-4] After request [GET /api/v1/all-module/9, client=0:0:0:0:0:0:0:1]
2022-08-03 17:25:32,395 DEBUG org.springframework.web.filter.CommonsRequestLoggingFilter [http-nio-10040-exec-5] Before request [GET /api/v1/family-head-details, client=0:0:0:0:0:0:0:1]
2022-08-03 17:25:32,409 DEBUG org.springframework.web.filter.CommonsRequestLoggingFilter [http-nio-10040-exec-8] Before request [GET /api/v1/family-member-details?start=1&limit=10&isPagination=true, client=0:0:0:0:0:0:0:1]
2022-08-03 17:25:32,577 DEBUG org.springframework.web.filter.CommonsRequestLoggingFilter [http-nio-10040-exec-5] After request [GET /api/v1/family-head-details, client=0:0:0:0:0:0:0:1]
2022-08-03 17:25:32,769 DEBUG org.springframework.web.filter.CommonsRequestLoggingFilter [http-nio-10040-exec-8] After request [GET /api/v1/family-member-details?start=1&limit=10&isPagination=true, client=0:0:0:0:0:0:0:1]
2022-08-03 17:26:05,476 DEBUG org.springframework.web.filter.CommonsRequestLoggingFilter [http-nio-10040-exec-6] Before request [GET /api/v1/all-module/4, client=0:0:0:0:0:0:0:1]
2022-08-03 17:26:05,484 DEBUG org.springframework.web.filter.CommonsRequestLoggingFilter [http-nio-10040-exec-10] Before request [GET /api/v1/role-master-prm/read-only, client=0:0:0:0:0:0:0:1]
2022-08-03 17:26:05,850 DEBUG org.springframework.web.filter.CommonsRequestLoggingFilter [http-nio-10040-exec-10] After request [GET /api/v1/role-master-prm/read-only, client=0:0:0:0:0:0:0:1]
2022-08-03 17:26:06,531 DEBUG org.springframework.web.filter.CommonsRequestLoggingFilter [http-nio-10040-exec-6] After request [GET /api/v1/all-module/4, client=0:0:0:0:0:0:0:1]
2022-08-03 17:26:06,551 DEBUG org.springframework.web.filter.CommonsRequestLoggingFilter [http-nio-10040-exec-4] Before request [GET /api/v1/page-master/parent, client=0:0:0:0:0:0:0:1]
2022-08-03 17:26:06,589 DEBUG org.springframework.web.filter.CommonsRequestLoggingFilter [http-nio-10040-exec-2] Before request [GET /api/v1/page-master?isPagination=false, client=0:0:0:0:0:0:0:1]
2022-08-03 17:26:06,729 DEBUG org.springframework.web.filter.CommonsRequestLoggingFilter [http-nio-10040-exec-4] After request [GET /api/v1/page-master/parent, client=0:0:0:0:0:0:0:1]
2022-08-03 17:26:06,945 DEBUG org.springframework.web.filter.CommonsRequestLoggingFilter [http-nio-10040-exec-2] After request [GET /api/v1/page-master?isPagination=false, client=0:0:0:0:0:0:0:1]
2022-08-03 19:03:10,964 DEBUG org.springframework.web.filter.CommonsRequestLoggingFilter [http-nio-10040-exec-6] Before request [GET /api/v1/role-master-prm/read-only, client=0:0:0:0:0:0:0:1]
2022-08-03 19:03:10,964 DEBUG org.springframework.web.filter.CommonsRequestLoggingFilter [http-nio-10040-exec-10] Before request [GET /api/v1/all-module/8, client=0:0:0:0:0:0:0:1]
2022-08-03 19:03:17,199 DEBUG org.springframework.web.filter.CommonsRequestLoggingFilter [http-nio-10040-exec-10] After request [GET /api/v1/all-module/8, client=0:0:0:0:0:0:0:1]
2022-08-03 19:03:17,256 DEBUG org.springframework.web.filter.CommonsRequestLoggingFilter [http-nio-10040-exec-3] Before request [GET /api/v1/family-head-details?start=1&limit=10&isPagination=true, client=0:0:0:0:0:0:0:1]
2022-08-03 19:03:17,449 DEBUG org.springframework.web.filter.CommonsRequestLoggingFilter [http-nio-10040-exec-3] After request [GET /api/v1/family-head-details?start=1&limit=10&isPagination=true, client=0:0:0:0:0:0:0:1]
2022-08-03 19:03:21,423 DEBUG org.springframework.web.filter.CommonsRequestLoggingFilter [http-nio-10040-exec-6] After request [GET /api/v1/role-master-prm/read-only, client=0:0:0:0:0:0:0:1]
2022-08-03 19:03:23,030 DEBUG org.springframework.web.filter.CommonsRequestLoggingFilter [http-nio-10040-exec-2] Before request [GET /api/v1/all-module/11, client=0:0:0:0:0:0:0:1]
2022-08-03 19:03:23,039 DEBUG org.springframework.web.filter.CommonsRequestLoggingFilter [http-nio-10040-exec-8] Before request [GET /api/v1/role-master-prm/read-only, client=0:0:0:0:0:0:0:1]
2022-08-03 19:03:23,393 DEBUG org.springframework.web.filter.CommonsRequestLoggingFilter [http-nio-10040-exec-8] After request [GET /api/v1/role-master-prm/read-only, client=0:0:0:0:0:0:0:1]
2022-08-03 19:03:24,137 DEBUG org.springframework.web.filter.CommonsRequestLoggingFilter [http-nio-10040-exec-2] After request [GET /api/v1/all-module/11, client=0:0:0:0:0:0:0:1]
2022-08-03 19:03:24,158 DEBUG org.springframework.web.filter.CommonsRequestLoggingFilter [http-nio-10040-exec-7] Before request [GET /api/v1/family-head-details, client=0:0:0:0:0:0:0:1]
2022-08-03 19:03:24,200 DEBUG org.springframework.web.filter.CommonsRequestLoggingFilter [http-nio-10040-exec-1] Before request [GET /api/v1/subscription-entry?start=1&limit=10&isPagination=true, client=0:0:0:0:0:0:0:1]
2022-08-03 19:03:24,343 DEBUG org.springframework.web.filter.CommonsRequestLoggingFilter [http-nio-10040-exec-7] After request [GET /api/v1/family-head-details, client=0:0:0:0:0:0:0:1]
2022-08-03 19:03:24,557 DEBUG org.springframework.web.filter.CommonsRequestLoggingFilter [http-nio-10040-exec-1] After request [GET /api/v1/subscription-entry?start=1&limit=10&isPagination=true, client=0:0:0:0:0:0:0:1]
2022-08-03 19:03:29,055 DEBUG org.springframework.web.filter.CommonsRequestLoggingFilter [http-nio-10040-exec-6] Before request [GET /api/v1/all-module/9, client=0:0:0:0:0:0:0:1]
2022-08-03 19:03:29,063 DEBUG org.springframework.web.filter.CommonsRequestLoggingFilter [http-nio-10040-exec-5] Before request [GET /api/v1/role-master-prm/read-only, client=0:0:0:0:0:0:0:1]
2022-08-03 19:03:29,420 DEBUG org.springframework.web.filter.CommonsRequestLoggingFilter [http-nio-10040-exec-5] After request [GET /api/v1/role-master-prm/read-only, client=0:0:0:0:0:0:0:1]
2022-08-03 19:03:30,117 DEBUG org.springframework.web.filter.CommonsRequestLoggingFilter [http-nio-10040-exec-6] After request [GET /api/v1/all-module/9, client=0:0:0:0:0:0:0:1]
2022-08-03 19:03:30,157 DEBUG org.springframework.web.filter.CommonsRequestLoggingFilter [http-nio-10040-exec-2] Before request [GET /api/v1/family-head-details, client=0:0:0:0:0:0:0:1]
2022-08-03 19:03:30,212 DEBUG org.springframework.web.filter.CommonsRequestLoggingFilter [http-nio-10040-exec-10] Before request [GET /api/v1/family-member-details?start=1&limit=10&isPagination=true, client=0:0:0:0:0:0:0:1]
2022-08-03 19:03:30,344 DEBUG org.springframework.web.filter.CommonsRequestLoggingFilter [http-nio-10040-exec-2] After request [GET /api/v1/family-head-details, client=0:0:0:0:0:0:0:1]
2022-08-03 19:03:30,564 DEBUG org.springframework.web.filter.CommonsRequestLoggingFilter [http-nio-10040-exec-10] After request [GET /api/v1/family-member-details?start=1&limit=10&isPagination=true, client=0:0:0:0:0:0:0:1]
